#
# There is insufficient memory for the Java Runtime Environment to continue.
# Native memory allocation (malloc) failed to allocate 1048576 bytes. Error detail: AllocateHeap
# Possible reasons:
#   The system is out of physical RAM or swap space
#   This process is running with CompressedOops enabled, and the Java Heap may be blocking the growth of the native heap
# Possible solutions:
#   Reduce memory load on the system
#   Increase physical memory or swap space
#   Check if swap backing store is full
#   Decrease Java heap size (-Xmx/-Xms)
#   Decrease number of Java threads
#   Decrease Java thread stack sizes (-Xss)
#   Set larger code cache with -XX:ReservedCodeCacheSize=
#   JVM is running with Unscaled Compressed Oops mode in which the Java heap is
#     placed in the first 4GB address space. The Java Heap base address is the
#     maximum limit for the native heap growth. Please use -XX:HeapBaseMinAddress
#     to set the Java Heap base and to place the Java Heap above 4GB virtual address.
# This output file may be truncated or incomplete.
#
#  Out of Memory Error (allocation.cpp:44), pid=24016, tid=3484
#
# JRE version:  (21.0.7+6) (build )
# Java VM: OpenJDK 64-Bit Server VM (21.0.7+6-LTS, mixed mode, sharing, tiered, compressed oops, compressed class ptrs, parallel gc, windows-amd64)
# No core dump will be written. Minidumps are not enabled by default on client versions of Windows
#

---------------  S U M M A R Y ------------

Command Line: --add-modules=ALL-SYSTEM --add-opens=java.base/java.util=ALL-UNNAMED --add-opens=java.base/java.lang=ALL-UNNAMED --add-opens=java.base/sun.nio.fs=ALL-UNNAMED -Declipse.application=org.eclipse.jdt.ls.core.id1 -Dosgi.bundles.defaultStartLevel=4 -Declipse.product=org.eclipse.jdt.ls.core.product -Djava.import.generatesMetadataFilesAtProjectRoot=false -DDetectVMInstallationsJob.disabled=true -Dfile.encoding=utf8 -XX:+UseParallelGC -XX:GCTimeRatio=4 -XX:AdaptiveSizePolicyWeight=90 -Dsun.zip.disableMemoryMapping=true -Xmx1G -Xms100m -Xlog:disable -javaagent:c:\Users\ASUS\.cursor\extensions\redhat.java-1.42.0-win32-x64\lombok\lombok-1.18.36.jar -XX:+HeapDumpOnOutOfMemoryError -XX:HeapDumpPath=c:\Users\ASUS\AppData\Roaming\Cursor\User\workspaceStorage\77ed3a1cbd9361bc1dac7e775c7fa274\redhat.java -Daether.dependencyCollector.impl=bf c:\Users\ASUS\.cursor\extensions\redhat.java-1.42.0-win32-x64\server\plugins\org.eclipse.equinox.launcher_1.7.0.v20250424-1814.jar -configuration c:\Users\ASUS\AppData\Roaming\Cursor\User\globalStorage\redhat.java\1.42.0\config_win -data c:\Users\ASUS\AppData\Roaming\Cursor\User\workspaceStorage\77ed3a1cbd9361bc1dac7e775c7fa274\redhat.java\jdt_ws --pipe=\\.\pipe\lsp-831b824706b930c38756dde4769da031-sock

Host: Intel(R) Core(TM) i5-10300H CPU @ 2.50GHz, 8 cores, 7G,  Windows 11 , 64 bit Build 26100 (10.0.26100.4202)
Time: Fri Jun 20 20:12:13 2025 SE Asia Standard Time elapsed time: 1.366545 seconds (0d 0h 0m 1s)

---------------  T H R E A D  ---------------

Current thread (0x000001f0c438d840):  JavaThread "Unknown thread" [_thread_in_vm, id=3484, stack(0x00000002cb200000,0x00000002cb300000) (1024K)]

Stack: [0x00000002cb200000,0x00000002cb300000]
Native frames: (J=compiled Java code, j=interpreted, Vv=VM code, C=native code)
V  [jvm.dll+0x6ce119]
V  [jvm.dll+0x8a84a1]
V  [jvm.dll+0x8aa9ce]
V  [jvm.dll+0x8ab0b3]
V  [jvm.dll+0x27f8a6]
V  [jvm.dll+0xbfba7]
V  [jvm.dll+0x702260]
V  [jvm.dll+0x702dcc]
V  [jvm.dll+0x6dcc63]
V  [jvm.dll+0x871dbc]
V  [jvm.dll+0x3bc47c]
V  [jvm.dll+0x85a848]
V  [jvm.dll+0x45080e]
V  [jvm.dll+0x452451]
C  [jli.dll+0x5278]
C  [ucrtbase.dll+0x37b0]
C  [KERNEL32.DLL+0x2e8d7]
C  [ntdll.dll+0x3c34c]


---------------  P R O C E S S  ---------------

Threads class SMR info:
_java_thread_list=0x000001f0c43f7a80, length=1, elements={
0x000001f0c438d840
}

Java Threads: ( => current thread )
=>0x000001f0c438d840 JavaThread "Unknown thread"             [_thread_in_vm, id=3484, stack(0x00000002cb200000,0x00000002cb300000) (1024K)]
Total: 1

Other Threads:
  0x000001f0d865ca00 WatcherThread "VM Periodic Task Thread"        [id=1136, stack(0x00000002cb400000,0x00000002cb500000) (1024K)]
  0x000001f0c43aae70 WorkerThread "GC Thread#0"                     [id=6232, stack(0x00000002cb300000,0x00000002cb400000) (1024K)]
Total: 2

Threads with active compile tasks:
Total: 0

VM state: not at safepoint (normal execution)

VM Mutex/Monitor currently owned by a thread: None

Heap address: 0x00000000c0000000, size: 1024 MB, Compressed Oops mode: 32-bit

CDS archive(s) mapped at: [0x000001f080000000-0x000001f080ba0000-0x000001f080ba0000), size 12189696, SharedBaseAddress: 0x000001f080000000, ArchiveRelocationMode: 1.
Compressed class space mapped at: 0x000001f081000000-0x000001f0c1000000, reserved size: 1073741824
Narrow klass base: 0x000001f080000000, Narrow klass shift: 0, Narrow klass range: 0x100000000

GC Precious Log:
 CardTable entry size: 512
 CPUs: 8 total, 8 available
 Memory: 8029M
 Large Page Support: Disabled
 NUMA Support: Disabled
 Compressed Oops: Enabled (32-bit)
 Alignments: Space 512K, Generation 512K, Heap 2M
 Heap Min Capacity: 100M
 Heap Initial Capacity: 100M
 Heap Max Capacity: 1G
 Pre-touch: Disabled
 Parallel Workers: 8

Heap:
 PSYoungGen      total 29696K, used 512K [0x00000000eab00000, 0x00000000ecc00000, 0x0000000100000000)
  eden space 25600K, 2% used [0x00000000eab00000,0x00000000eab80020,0x00000000ec400000)
  from space 4096K, 0% used [0x00000000ec800000,0x00000000ec800000,0x00000000ecc00000)
  to   space 4096K, 0% used [0x00000000ec400000,0x00000000ec400000,0x00000000ec800000)
 ParOldGen       total 68608K, used 0K [0x00000000c0000000, 0x00000000c4300000, 0x00000000eab00000)
  object space 68608K, 0% used [0x00000000c0000000,0x00000000c0000000,0x00000000c4300000)
 Metaspace       used 0K, committed 0K, reserved 1048576K
  class space    used 0K, committed 0K, reserved 1048576K

Card table byte_map: [0x000001f0c3d30000,0x000001f0c3f40000] _byte_map_base: 0x000001f0c3730000

Marking Bits: (ParMarkBitMap*) 0x00007ff991c931f0
 Begin Bits: [0x000001f0d6580000, 0x000001f0d7580000)
 End Bits:   [0x000001f0d7580000, 0x000001f0d8580000)

Polling page: 0x000001f0c2070000

Metaspace:

Usage:
  Non-class:      0 bytes used.
      Class:      0 bytes used.
       Both:      0 bytes used.

Virtual space:
  Non-class space:        0 bytes reserved,       0 bytes (  ?%) committed,  0 nodes.
      Class space:        1.00 GB reserved,       0 bytes (  0%) committed,  1 nodes.
             Both:        1.00 GB reserved,       0 bytes (  0%) committed. 

Chunk freelists:
   Non-Class:  0 bytes
       Class:  16.00 MB
        Both:  16.00 MB

MaxMetaspaceSize: unlimited
CompressedClassSpaceSize: 1.00 GB
Initial GC threshold: 21.00 MB
Current GC threshold: 17179869184.00 GB
CDS: on
 - commit_granule_bytes: 65536.
 - commit_granule_words: 8192.
 - virtual_space_node_default_size: 8388608.
 - enlarge_chunks_in_place: 1.
 - use_allocation_guard: 0.


Internal statistics:

num_allocs_failed_limit: 0.
num_arena_births: 0.
num_arena_deaths: 0.
num_vsnodes_births: 1.
num_vsnodes_deaths: 0.
num_space_committed: 0.
num_space_uncommitted: 0.
num_chunks_returned_to_freelist: 0.
num_chunks_taken_from_freelist: 1.
num_chunk_merges: 0.
num_chunk_splits: 1.
num_chunks_enlarged: 0.
num_inconsistent_stats: 0.

CodeHeap 'non-profiled nmethods': size=120000Kb used=0Kb max_used=0Kb free=120000Kb
 bounds [0x000001f0cf050000, 0x000001f0cf2c0000, 0x000001f0d6580000]
CodeHeap 'profiled nmethods': size=120000Kb used=0Kb max_used=0Kb free=120000Kb
 bounds [0x000001f0c7580000, 0x000001f0c77f0000, 0x000001f0ceab0000]
CodeHeap 'non-nmethods': size=5760Kb used=194Kb max_used=342Kb free=5565Kb
 bounds [0x000001f0ceab0000, 0x000001f0ced20000, 0x000001f0cf050000]
 total_blobs=70 nmethods=0 adapters=48
 compilation: enabled
              stopped_count=0, restarted_count=0
 full_count=0

Compilation events (0 events):
No events

GC Heap History (0 events):
No events

Dll operation events (1 events):
Event: 0.262 Loaded shared library c:\Users\ASUS\.cursor\extensions\redhat.java-1.42.0-win32-x64\jre\21.0.7-win32-x86_64\bin\java.dll

Deoptimization events (0 events):
No events

Classes loaded (0 events):
No events

Classes unloaded (0 events):
No events

Classes redefined (0 events):
No events

Internal exceptions (0 events):
No events

ZGC Phase Switch (0 events):
No events

VM Operations (0 events):
No events

Memory protections (0 events):
No events

Nmethod flushes (0 events):
No events

Events (1 events):
Event: 0.343 Thread 0x000001f0c438d840 Thread added: 0x000001f0c438d840


Dynamic libraries:
0x00007ff708c20000 - 0x00007ff708c2e000 	c:\Users\ASUS\.cursor\extensions\redhat.java-1.42.0-win32-x64\jre\21.0.7-win32-x86_64\bin\java.exe
0x00007ffa12bc0000 - 0x00007ffa12e25000 	C:\WINDOWS\SYSTEM32\ntdll.dll
0x00007ffa11280000 - 0x00007ffa11349000 	C:\WINDOWS\System32\KERNEL32.DLL
0x00007ffa10540000 - 0x00007ffa10928000 	C:\WINDOWS\System32\KERNELBASE.dll
0x00007ffa10350000 - 0x00007ffa1049b000 	C:\WINDOWS\System32\ucrtbase.dll
0x00007ff9f6db0000 - 0x00007ff9f6dc8000 	c:\Users\ASUS\.cursor\extensions\redhat.java-1.42.0-win32-x64\jre\21.0.7-win32-x86_64\bin\jli.dll
0x00007ffa02c40000 - 0x00007ffa02c5e000 	c:\Users\ASUS\.cursor\extensions\redhat.java-1.42.0-win32-x64\jre\21.0.7-win32-x86_64\bin\VCRUNTIME140.dll
0x00007ffa12360000 - 0x00007ffa1252a000 	C:\WINDOWS\System32\USER32.dll
0x00007ffa0fce0000 - 0x00007ffa0fd07000 	C:\WINDOWS\System32\win32u.dll
0x00007ff9f8c10000 - 0x00007ff9f8eaa000 	C:\WINDOWS\WinSxS\amd64_microsoft.windows.common-controls_6595b64144ccf1df_6.0.26100.4202_none_3e0698d4e335f517\COMCTL32.dll
0x00007ffa111d0000 - 0x00007ffa11279000 	C:\WINDOWS\System32\msvcrt.dll
0x00007ffa122c0000 - 0x00007ffa122eb000 	C:\WINDOWS\System32\GDI32.dll
0x00007ffa0fe60000 - 0x00007ffa0ff97000 	C:\WINDOWS\System32\gdi32full.dll
0x00007ffa102a0000 - 0x00007ffa10343000 	C:\WINDOWS\System32\msvcp_win.dll
0x00007ffa10aa0000 - 0x00007ffa10ad0000 	C:\WINDOWS\System32\IMM32.DLL
0x00007ffa0a4c0000 - 0x00007ffa0a4cc000 	c:\Users\ASUS\.cursor\extensions\redhat.java-1.42.0-win32-x64\jre\21.0.7-win32-x86_64\bin\vcruntime140_1.dll
0x00007ff9cf510000 - 0x00007ff9cf59d000 	c:\Users\ASUS\.cursor\extensions\redhat.java-1.42.0-win32-x64\jre\21.0.7-win32-x86_64\bin\msvcp140.dll
0x00007ff990fe0000 - 0x00007ff991d70000 	c:\Users\ASUS\.cursor\extensions\redhat.java-1.42.0-win32-x64\jre\21.0.7-win32-x86_64\bin\server\jvm.dll
0x00007ffa11e20000 - 0x00007ffa11ed3000 	C:\WINDOWS\System32\ADVAPI32.dll
0x00007ffa11b80000 - 0x00007ffa11c26000 	C:\WINDOWS\System32\sechost.dll
0x00007ffa11ee0000 - 0x00007ffa11ff5000 	C:\WINDOWS\System32\RPCRT4.dll
0x00007ffa12530000 - 0x00007ffa125a4000 	C:\WINDOWS\System32\WS2_32.dll
0x00007ffa0e8c0000 - 0x00007ffa0e91e000 	C:\WINDOWS\SYSTEM32\POWRPROF.dll
0x00007ffa0a9d0000 - 0x00007ffa0a9db000 	C:\WINDOWS\SYSTEM32\VERSION.dll
0x00007ffa017e0000 - 0x00007ffa01815000 	C:\WINDOWS\SYSTEM32\WINMM.dll
0x00007ffa0e8a0000 - 0x00007ffa0e8b4000 	C:\WINDOWS\SYSTEM32\UMPDC.dll
0x00007ffa0eb90000 - 0x00007ffa0ebab000 	C:\WINDOWS\SYSTEM32\kernel.appcore.dll
0x00007ffa0a400000 - 0x00007ffa0a40a000 	c:\Users\ASUS\.cursor\extensions\redhat.java-1.42.0-win32-x64\jre\21.0.7-win32-x86_64\bin\jimage.dll
0x00007ffa0d1a0000 - 0x00007ffa0d3e1000 	C:\WINDOWS\SYSTEM32\DBGHELP.DLL
0x00007ffa12740000 - 0x00007ffa12ac5000 	C:\WINDOWS\System32\combase.dll
0x00007ffa11c30000 - 0x00007ffa11d11000 	C:\WINDOWS\System32\OLEAUT32.dll
0x00007ff9e21c0000 - 0x00007ff9e21f9000 	C:\WINDOWS\SYSTEM32\dbgcore.DLL
0x00007ffa104a0000 - 0x00007ffa10539000 	C:\WINDOWS\System32\bcryptPrimitives.dll
0x00007ffa0a3d0000 - 0x00007ffa0a3df000 	c:\Users\ASUS\.cursor\extensions\redhat.java-1.42.0-win32-x64\jre\21.0.7-win32-x86_64\bin\instrument.dll
0x00007ff9f0c60000 - 0x00007ff9f0c7f000 	c:\Users\ASUS\.cursor\extensions\redhat.java-1.42.0-win32-x64\jre\21.0.7-win32-x86_64\bin\java.dll

dbghelp: loaded successfully - version: 4.0.5 - missing functions: none
symbol engine: initialized successfully - sym options: 0x614 - pdb path: .;c:\Users\ASUS\.cursor\extensions\redhat.java-1.42.0-win32-x64\jre\21.0.7-win32-x86_64\bin;C:\WINDOWS\SYSTEM32;C:\WINDOWS\WinSxS\amd64_microsoft.windows.common-controls_6595b64144ccf1df_6.0.26100.4202_none_3e0698d4e335f517;c:\Users\ASUS\.cursor\extensions\redhat.java-1.42.0-win32-x64\jre\21.0.7-win32-x86_64\bin\server

VM Arguments:
jvm_args: --add-modules=ALL-SYSTEM --add-opens=java.base/java.util=ALL-UNNAMED --add-opens=java.base/java.lang=ALL-UNNAMED --add-opens=java.base/sun.nio.fs=ALL-UNNAMED -Declipse.application=org.eclipse.jdt.ls.core.id1 -Dosgi.bundles.defaultStartLevel=4 -Declipse.product=org.eclipse.jdt.ls.core.product -Djava.import.generatesMetadataFilesAtProjectRoot=false -DDetectVMInstallationsJob.disabled=true -Dfile.encoding=utf8 -XX:+UseParallelGC -XX:GCTimeRatio=4 -XX:AdaptiveSizePolicyWeight=90 -Dsun.zip.disableMemoryMapping=true -Xmx1G -Xms100m -Xlog:disable -javaagent:c:\Users\ASUS\.cursor\extensions\redhat.java-1.42.0-win32-x64\lombok\lombok-1.18.36.jar -XX:+HeapDumpOnOutOfMemoryError -XX:HeapDumpPath=c:\Users\ASUS\AppData\Roaming\Cursor\User\workspaceStorage\77ed3a1cbd9361bc1dac7e775c7fa274\redhat.java -Daether.dependencyCollector.impl=bf 
java_command: c:\Users\ASUS\.cursor\extensions\redhat.java-1.42.0-win32-x64\server\plugins\org.eclipse.equinox.launcher_1.7.0.v20250424-1814.jar -configuration c:\Users\ASUS\AppData\Roaming\Cursor\User\globalStorage\redhat.java\1.42.0\config_win -data c:\Users\ASUS\AppData\Roaming\Cursor\User\workspaceStorage\77ed3a1cbd9361bc1dac7e775c7fa274\redhat.java\jdt_ws --pipe=\\.\pipe\lsp-831b824706b930c38756dde4769da031-sock
java_class_path (initial): c:\Users\ASUS\.cursor\extensions\redhat.java-1.42.0-win32-x64\server\plugins\org.eclipse.equinox.launcher_1.7.0.v20250424-1814.jar
Launcher Type: SUN_STANDARD

[Global flags]
    uintx AdaptiveSizePolicyWeight                 = 90                                        {product} {command line}
     intx CICompilerCount                          = 4                                         {product} {ergonomic}
    uintx GCTimeRatio                              = 4                                         {product} {command line}
     bool HeapDumpOnOutOfMemoryError               = true                                   {manageable} {command line}
    ccstr HeapDumpPath                             = c:\Users\ASUS\AppData\Roaming\Cursor\User\workspaceStorage\77ed3a1cbd9361bc1dac7e775c7fa274\redhat.java         {manageable} {command line}
   size_t InitialHeapSize                          = 104857600                                 {product} {command line}
   size_t MaxHeapSize                              = 1073741824                                {product} {command line}
   size_t MaxNewSize                               = 357564416                                 {product} {ergonomic}
   size_t MinHeapDeltaBytes                        = 524288                                    {product} {ergonomic}
   size_t MinHeapSize                              = 104857600                                 {product} {command line}
   size_t NewSize                                  = 34603008                                  {product} {ergonomic}
    uintx NonNMethodCodeHeapSize                   = 5839372                                {pd product} {ergonomic}
    uintx NonProfiledCodeHeapSize                  = 122909434                              {pd product} {ergonomic}
   size_t OldSize                                  = 70254592                                  {product} {ergonomic}
    uintx ProfiledCodeHeapSize                     = 122909434                              {pd product} {ergonomic}
    uintx ReservedCodeCacheSize                    = 251658240                              {pd product} {ergonomic}
     bool SegmentedCodeCache                       = true                                      {product} {ergonomic}
   size_t SoftMaxHeapSize                          = 1073741824                             {manageable} {ergonomic}
     bool UseCompressedOops                        = true                           {product lp64_product} {ergonomic}
     bool UseLargePagesIndividualAllocation        = false                                  {pd product} {ergonomic}
     bool UseParallelGC                            = true                                      {product} {command line}

Logging:
Log output configuration:
 #0: stdout all=off uptime,level,tags foldmultilines=false
 #1: stderr all=off uptime,level,tags foldmultilines=false

Environment Variables:
JAVA_HOME=C:\Program Files\Java\jdk-18
PATH=C:\Program Files\Java\jdk-18\bin;C:\Users\ASUS\AppData\Local\Programs\Python\Python312\;C:\Program Files (x86)\VMware\VMware Workstation\bin\;C:\Program Files\Common Files\Oracle\Java\javapath;C:\Program Files\Eclipse Foundation\jdk-11.0.12.7-hotspot\bin;C:\Windows\system32;C:\Windows;C:\Windows\System32\Wbem;C:\Windows\System32\WindowsPowerShell\v1.0\;C:\Windows\System32\OpenSSH\;C:\Program Files (x86)\NVIDIA Corporation\PhysX\Common;C:\Program Files\NVIDIA Corporation\NVIDIA NvDLISR;C:\Program Files\Java\jdk-18\bin\bin;C:\WINDOWS\system32;C:\WINDOWS;C:\WINDOWS\System32\Wbem;C:\WINDOWS\System32\WindowsPowerShell\v1.0\;C:\WINDOWS\System32\OpenSSH\;\msys64\mingw64\bin;C:\Program Files\Microsoft SQL Server\Client SDK\ODBC\110\Tools\Binn\;C:\Program Files (x86)\Microsoft SQL Server\120\Tools\Binn\;C:\Program Files\Microsoft SQL Server\120\Tools\Binn\;C:\Program Files\Microsoft SQL Server\120\DTS\Binn\;C:\Program Files (x86)\Microsoft SQL Server\120\Tools\Binn\ManagementStudio\;C:\Program Files (x86)\Microsoft SQL Server\120\DTS\Binn\;C:\Program Files\Java\jdk-11.0.16.1\bin;C:\Program Files\Microsoft SQL Server\150\Tools\Binn\;C:\Program Files\Microsoft SQL Server\Client SDK\ODBC\170\Tools\Binn\;C:\Program Files\dotnet\;C:\Program Files\Git\cmd;C:\Program Files\nodejs\;C:\Program Files\Genymobile\Genymotion\tools;C:\flutter\bin;C:\Users\ASUS\AppData\Roaming\npm;C:\Users\ASUS\AppData\Local\Programs\Microsoft VS Code\bin;C:\Program Files\Genymobile\Genymotion\tools;C:\Users\ASUS\AppData\Local\GitHubDesktop\bin;C:\Users\ASUS\AppData\Local\Programs\cursor\resources\app\bin
USERNAME=ASUS
OS=Windows_NT
PROCESSOR_IDENTIFIER=Intel64 Family 6 Model 165 Stepping 2, GenuineIntel
TMP=C:\Users\ASUS\AppData\Local\Temp
TEMP=C:\Users\ASUS\AppData\Local\Temp




Periodic native trim disabled

---------------  S Y S T E M  ---------------

OS:
 Windows 11 , 64 bit Build 26100 (10.0.26100.4202)
OS uptime: 1 days 3:51 hours
Hyper-V role detected

CPU: total 8 (initial active 8) (4 cores per cpu, 2 threads per core) family 6 model 165 stepping 2 microcode 0xe0, cx8, cmov, fxsr, ht, mmx, 3dnowpref, sse, sse2, sse3, ssse3, sse4.1, sse4.2, popcnt, lzcnt, tsc, tscinvbit, avx, avx2, aes, erms, clmul, bmi1, bmi2, adx, fma, vzeroupper, clflush, clflushopt, hv, rdtscp, f16c
Processor Information for the first 8 processors :
  Max Mhz: 2496, Current Mhz: 2496, Mhz Limit: 2496

Memory: 4k page, system-wide physical 8029M (534M free)
TotalPageFile size 32605M (AvailPageFile size 50M)
current process WorkingSet (physical memory assigned to process): 25M, peak: 25M
current process commit charge ("private bytes"): 172M, peak: 173M

vm_info: OpenJDK 64-Bit Server VM (21.0.7+6-LTS) for windows-amd64 JRE (21.0.7+6-LTS), built on 2025-04-15T00:00:00Z by "admin" with MS VC++ 17.7 (VS2022)

END.
