#
# There is insufficient memory for the Java Runtime Environment to continue.
# Native memory allocation (malloc) failed to allocate 1398512 bytes. Error detail: Chunk::new
# Possible reasons:
#   The system is out of physical RAM or swap space
#   This process is running with CompressedOops enabled, and the Java Heap may be blocking the growth of the native heap
# Possible solutions:
#   Reduce memory load on the system
#   Increase physical memory or swap space
#   Check if swap backing store is full
#   Decrease Java heap size (-Xmx/-Xms)
#   Decrease number of Java threads
#   Decrease Java thread stack sizes (-Xss)
#   Set larger code cache with -XX:ReservedCodeCacheSize=
#   JVM is running with Unscaled Compressed Oops mode in which the Java heap is
#     placed in the first 4GB address space. The Java Heap base address is the
#     maximum limit for the native heap growth. Please use -XX:HeapBaseMinAddress
#     to set the Java Heap base and to place the Java Heap above 4GB virtual address.
# This output file may be truncated or incomplete.
#
#  Out of Memory Error (arena.cpp:168), pid=7232, tid=18280
#
# JRE version: OpenJDK Runtime Environment (21.0.4) (build 21.0.4+-12508038-b607.1)
# Java VM: OpenJDK 64-Bit Server VM (21.0.4+-12508038-b607.1, mixed mode, tiered, compressed oops, compressed class ptrs, g1 gc, windows-amd64)
# No core dump will be written. Minidumps are not enabled by default on client versions of Windows
#

---------------  S U M M A R Y ------------

Command Line: --add-opens=java.base/java.util=ALL-UNNAMED --add-opens=java.base/java.lang=ALL-UNNAMED --add-opens=java.base/java.lang.invoke=ALL-UNNAMED --add-opens=java.prefs/java.util.prefs=ALL-UNNAMED --add-exports=jdk.compiler/com.sun.tools.javac.api=ALL-UNNAMED --add-exports=jdk.compiler/com.sun.tools.javac.util=ALL-UNNAMED --add-opens=java.base/java.nio.charset=ALL-UNNAMED --add-opens=java.base/java.net=ALL-UNNAMED --add-opens=java.base/java.util.concurrent.atomic=ALL-UNNAMED -Xmx2048m -Dfile.encoding=UTF-8 -Duser.country=US -Duser.language=en -Duser.variant -javaagent:C:\Users\ASUS\.gradle\wrapper\dists\gradle-8.10.2-bin\a04bxjujx95o3nb99gddekhwo\gradle-8.10.2\lib\agents\gradle-instrumentation-agent-8.10.2.jar org.gradle.launcher.daemon.bootstrap.GradleDaemon 8.10.2

Host: Intel(R) Core(TM) i5-10300H CPU @ 2.50GHz, 8 cores, 7G,  Windows 11 , 64 bit Build 26100 (10.0.26100.4202)
Time: Fri Jun 20 20:02:38 2025 SE Asia Standard Time elapsed time: 10.241658 seconds (0d 0h 0m 10s)

---------------  T H R E A D  ---------------

Current thread (0x0000020357f55b30):  JavaThread "C2 CompilerThread1" daemon [_thread_in_native, id=18280, stack(0x000000bb99b00000,0x000000bb99c00000) (1024K)]


Current CompileTask:
C2:  10241 8482       4       java.net.URLClassLoader$1::run (5 bytes)

Stack: [0x000000bb99b00000,0x000000bb99c00000]
Native frames: (J=compiled Java code, j=interpreted, Vv=VM code, C=native code)
V  [jvm.dll+0x6ce539]
V  [jvm.dll+0x85bf03]
V  [jvm.dll+0x85e45e]
V  [jvm.dll+0x85eb43]
V  [jvm.dll+0x27dd06]
V  [jvm.dll+0xbf9cd]
V  [jvm.dll+0xbff03]
V  [jvm.dll+0x3b4deb]
V  [jvm.dll+0x1de004]
V  [jvm.dll+0x247544]
V  [jvm.dll+0x2469c1]
V  [jvm.dll+0x1c58a4]
V  [jvm.dll+0x255fec]
V  [jvm.dll+0x254536]
V  [jvm.dll+0x3efab6]
V  [jvm.dll+0x804418]
V  [jvm.dll+0x6cce0d]
C  [ucrtbase.dll+0x37b0]
C  [KERNEL32.DLL+0x2e8d7]
C  [ntdll.dll+0x3c34c]


---------------  P R O C E S S  ---------------

Threads class SMR info:
_java_thread_list=0x000002035a3eb260, length=55, elements={
0x000002033a049120, 0x00000203520ac320, 0x00000203520ef420, 0x00000203520d3fa0,
0x0000020352107460, 0x0000020352107ec0, 0x0000020352109490, 0x00000203520db0f0,
0x00000203520dc700, 0x00000203520f64d0, 0x0000020352405db0, 0x0000020357f55b30,
0x000002035779d5a0, 0x0000020358120260, 0x000002035853b3e0, 0x000002035774adc0,
0x000002035774b450, 0x000002035774a0a0, 0x000002035774a730, 0x000002035831c070,
0x0000020358319910, 0x000002035831c700, 0x000002035831acc0, 0x0000020358319280,
0x000002035831cd90, 0x000002035a4a9b30, 0x000002035831d420, 0x0000020358319fa0,
0x000002035831dab0, 0x000002035831a630, 0x000002035831b350, 0x000002035831e7d0,
0x000002035831f4f0, 0x000002035831ee60, 0x000002035966dca0, 0x000002035966d610,
0x000002035966e330, 0x000002035966e9c0, 0x000002035966b540, 0x000002035966f050,
0x000002035966f6e0, 0x0000020359670400, 0x000002035966fd70, 0x0000020359670a90,
0x000002035a7e8e30, 0x000002035a7e6040, 0x000002035a7e8110, 0x000002035a7e66d0,
0x000002035a7e87a0, 0x000002035a7e6d60, 0x000002035a7e59b0, 0x000002035a7e94c0,
0x000002035a7ea870, 0x000002035a7e7a80, 0x000002035a7e73f0
}

Java Threads: ( => current thread )
  0x000002033a049120 JavaThread "main"                              [_thread_blocked, id=7076, stack(0x000000bb98900000,0x000000bb98a00000) (1024K)]
  0x00000203520ac320 JavaThread "Reference Handler"          daemon [_thread_blocked, id=13936, stack(0x000000bb99100000,0x000000bb99200000) (1024K)]
  0x00000203520ef420 JavaThread "Finalizer"                  daemon [_thread_blocked, id=6268, stack(0x000000bb99200000,0x000000bb99300000) (1024K)]
  0x00000203520d3fa0 JavaThread "Signal Dispatcher"          daemon [_thread_blocked, id=11720, stack(0x000000bb99300000,0x000000bb99400000) (1024K)]
  0x0000020352107460 JavaThread "Attach Listener"            daemon [_thread_blocked, id=13976, stack(0x000000bb99400000,0x000000bb99500000) (1024K)]
  0x0000020352107ec0 JavaThread "Service Thread"             daemon [_thread_blocked, id=4868, stack(0x000000bb99500000,0x000000bb99600000) (1024K)]
  0x0000020352109490 JavaThread "Monitor Deflation Thread"   daemon [_thread_blocked, id=20048, stack(0x000000bb99600000,0x000000bb99700000) (1024K)]
  0x00000203520db0f0 JavaThread "C2 CompilerThread0"         daemon [_thread_in_native, id=23108, stack(0x000000bb99700000,0x000000bb99800000) (1024K)]
  0x00000203520dc700 JavaThread "C1 CompilerThread0"         daemon [_thread_blocked, id=15048, stack(0x000000bb99800000,0x000000bb99900000) (1024K)]
  0x00000203520f64d0 JavaThread "Common-Cleaner"             daemon [_thread_blocked, id=12952, stack(0x000000bb99900000,0x000000bb99a00000) (1024K)]
  0x0000020352405db0 JavaThread "Notification Thread"        daemon [_thread_blocked, id=18956, stack(0x000000bb99a00000,0x000000bb99b00000) (1024K)]
=>0x0000020357f55b30 JavaThread "C2 CompilerThread1"         daemon [_thread_in_native, id=18280, stack(0x000000bb99b00000,0x000000bb99c00000) (1024K)]
  0x000002035779d5a0 JavaThread "Daemon health stats"               [_thread_blocked, id=23132, stack(0x000000bb9a300000,0x000000bb9a400000) (1024K)]
  0x0000020358120260 JavaThread "Incoming local TCP Connector on port 58434"        [_thread_in_native, id=14340, stack(0x000000bb9a400000,0x000000bb9a500000) (1024K)]
  0x000002035853b3e0 JavaThread "Daemon periodic checks"            [_thread_blocked, id=19672, stack(0x000000bb9a500000,0x000000bb9a600000) (1024K)]
  0x000002035774adc0 JavaThread "Daemon"                            [_thread_blocked, id=12224, stack(0x000000bb9a600000,0x000000bb9a700000) (1024K)]
  0x000002035774b450 JavaThread "Handler for socket connection from /127.0.0.1:58434 to /127.0.0.1:58435"        [_thread_in_native, id=16348, stack(0x000000bb9a700000,0x000000bb9a800000) (1024K)]
  0x000002035774a0a0 JavaThread "Cancel handler"                    [_thread_blocked, id=9060, stack(0x000000bb9a800000,0x000000bb9a900000) (1024K)]
  0x000002035774a730 JavaThread "Daemon worker"                     [_thread_in_Java, id=2912, stack(0x000000bb9a900000,0x000000bb9aa00000) (1024K)]
  0x000002035831c070 JavaThread "Asynchronous log dispatcher for DefaultDaemonConnection: socket connection from /127.0.0.1:58434 to /127.0.0.1:58435"        [_thread_blocked, id=4476, stack(0x000000bb9aa00000,0x000000bb9ab00000) (1024K)]
  0x0000020358319910 JavaThread "Stdin handler"                     [_thread_blocked, id=9620, stack(0x000000bb9ab00000,0x000000bb9ac00000) (1024K)]
  0x000002035831c700 JavaThread "Daemon client event forwarder"        [_thread_blocked, id=16692, stack(0x000000bb9ac00000,0x000000bb9ad00000) (1024K)]
  0x000002035831acc0 JavaThread "Cache worker for journal cache (C:\Users\ASUS\.gradle\caches\journal-1)"        [_thread_blocked, id=8424, stack(0x000000bb9ae00000,0x000000bb9af00000) (1024K)]
  0x0000020358319280 JavaThread "File lock request listener"        [_thread_in_native, id=15900, stack(0x000000bb9af00000,0x000000bb9b000000) (1024K)]
  0x000002035831cd90 JavaThread "Cache worker for file hash cache (C:\Users\ASUS\.gradle\caches\8.10.2\fileHashes)"        [_thread_blocked, id=16420, stack(0x000000bb9b000000,0x000000bb9b100000) (1024K)]
  0x000002035a4a9b30 JavaThread "C2 CompilerThread2"         daemon [_thread_in_native, id=14204, stack(0x000000bb9b100000,0x000000bb9b200000) (1024K)]
  0x000002035831d420 JavaThread "Cache worker for file hash cache (D:\Flutter_App\RingQrApp_sdk30\.gradle\8.10.2\fileHashes)"        [_thread_blocked, id=18040, stack(0x000000bb9b200000,0x000000bb9b300000) (1024K)]
  0x0000020358319fa0 JavaThread "Cache worker for Build Output Cleanup Cache (D:\Flutter_App\RingQrApp_sdk30\.gradle\buildOutputCleanup)"        [_thread_blocked, id=11756, stack(0x000000bb9b300000,0x000000bb9b400000) (1024K)]
  0x000002035831dab0 JavaThread "File watcher server"        daemon [_thread_in_native, id=3944, stack(0x000000bb9b400000,0x000000bb9b500000) (1024K)]
  0x000002035831a630 JavaThread "File watcher consumer"      daemon [_thread_blocked, id=16768, stack(0x000000bb9b500000,0x000000bb9b600000) (1024K)]
  0x000002035831b350 JavaThread "Cache worker for checksums cache (D:\Flutter_App\RingQrApp_sdk30\.gradle\8.10.2\checksums)"        [_thread_blocked, id=21084, stack(0x000000bb9b600000,0x000000bb9b700000) (1024K)]
  0x000002035831e7d0 JavaThread "Cache worker for file content cache (C:\Users\ASUS\.gradle\caches\8.10.2\fileContent)"        [_thread_blocked, id=17380, stack(0x000000bb9b700000,0x000000bb9b800000) (1024K)]
  0x000002035831f4f0 JavaThread "Cache worker for cache directory md-rule (C:\Users\ASUS\.gradle\caches\8.10.2\md-rule)"        [_thread_blocked, id=19420, stack(0x000000bb9b800000,0x000000bb9b900000) (1024K)]
  0x000002035831ee60 JavaThread "Cache worker for cache directory md-supplier (C:\Users\ASUS\.gradle\caches\8.10.2\md-supplier)"        [_thread_blocked, id=5048, stack(0x000000bb9b900000,0x000000bb9ba00000) (1024K)]
  0x000002035966dca0 JavaThread "Unconstrained build operations"        [_thread_blocked, id=3212, stack(0x000000bb9ba00000,0x000000bb9bb00000) (1024K)]
  0x000002035966d610 JavaThread "Unconstrained build operations Thread 2"        [_thread_blocked, id=24508, stack(0x000000bb9bb00000,0x000000bb9bc00000) (1024K)]
  0x000002035966e330 JavaThread "Unconstrained build operations Thread 3"        [_thread_blocked, id=16752, stack(0x000000bb9bc00000,0x000000bb9bd00000) (1024K)]
  0x000002035966e9c0 JavaThread "Unconstrained build operations Thread 4"        [_thread_blocked, id=8488, stack(0x000000bb9bd00000,0x000000bb9be00000) (1024K)]
  0x000002035966b540 JavaThread "Unconstrained build operations Thread 5"        [_thread_blocked, id=19216, stack(0x000000bb9be00000,0x000000bb9bf00000) (1024K)]
  0x000002035966f050 JavaThread "Unconstrained build operations Thread 6"        [_thread_blocked, id=24452, stack(0x000000bb9bf00000,0x000000bb9c000000) (1024K)]
  0x000002035966f6e0 JavaThread "Unconstrained build operations Thread 7"        [_thread_blocked, id=1340, stack(0x000000bb9c000000,0x000000bb9c100000) (1024K)]
  0x0000020359670400 JavaThread "Unconstrained build operations Thread 8"        [_thread_blocked, id=17472, stack(0x000000bb9c100000,0x000000bb9c200000) (1024K)]
  0x000002035966fd70 JavaThread "Unconstrained build operations Thread 9"        [_thread_blocked, id=23636, stack(0x000000bb9c200000,0x000000bb9c300000) (1024K)]
  0x0000020359670a90 JavaThread "Unconstrained build operations Thread 10"        [_thread_blocked, id=10444, stack(0x000000bb9c300000,0x000000bb9c400000) (1024K)]
  0x000002035a7e8e30 JavaThread "Unconstrained build operations Thread 11"        [_thread_blocked, id=14436, stack(0x000000bb9c400000,0x000000bb9c500000) (1024K)]
  0x000002035a7e6040 JavaThread "Unconstrained build operations Thread 12"        [_thread_blocked, id=21116, stack(0x000000bb9c500000,0x000000bb9c600000) (1024K)]
  0x000002035a7e8110 JavaThread "Unconstrained build operations Thread 13"        [_thread_blocked, id=5656, stack(0x000000bb9c600000,0x000000bb9c700000) (1024K)]
  0x000002035a7e66d0 JavaThread "Unconstrained build operations Thread 14"        [_thread_blocked, id=5744, stack(0x000000bb9c700000,0x000000bb9c800000) (1024K)]
  0x000002035a7e87a0 JavaThread "Unconstrained build operations Thread 15"        [_thread_blocked, id=18620, stack(0x000000bb9c800000,0x000000bb9c900000) (1024K)]
  0x000002035a7e6d60 JavaThread "Unconstrained build operations Thread 16"        [_thread_blocked, id=23020, stack(0x000000bb9c900000,0x000000bb9ca00000) (1024K)]
  0x000002035a7e59b0 JavaThread "Unconstrained build operations Thread 17"        [_thread_blocked, id=15624, stack(0x000000bb9ca00000,0x000000bb9cb00000) (1024K)]
  0x000002035a7e94c0 JavaThread "Unconstrained build operations Thread 18"        [_thread_blocked, id=21320, stack(0x000000bb9cb00000,0x000000bb9cc00000) (1024K)]
  0x000002035a7ea870 JavaThread "Unconstrained build operations Thread 19"        [_thread_blocked, id=11352, stack(0x000000bb9cc00000,0x000000bb9cd00000) (1024K)]
  0x000002035a7e7a80 JavaThread "Unconstrained build operations Thread 20"        [_thread_blocked, id=15672, stack(0x000000bb9cd00000,0x000000bb9ce00000) (1024K)]
  0x000002035a7e73f0 JavaThread "Unconstrained build operations Thread 21"        [_thread_blocked, id=19124, stack(0x000000bb9ce00000,0x000000bb9cf00000) (1024K)]
Total: 55

Other Threads:
  0x0000020352080b80 VMThread "VM Thread"                           [id=2992, stack(0x000000bb99000000,0x000000bb99100000) (1024K)]
  0x0000020351eb7ab0 WatcherThread "VM Periodic Task Thread"        [id=4632, stack(0x000000bb98f00000,0x000000bb99000000) (1024K)]
  0x000002033a0a68e0 WorkerThread "GC Thread#0"                     [id=3644, stack(0x000000bb98a00000,0x000000bb98b00000) (1024K)]
  0x0000020352d346f0 WorkerThread "GC Thread#1"                     [id=21344, stack(0x000000bb99c00000,0x000000bb99d00000) (1024K)]
  0x0000020352d34a90 WorkerThread "GC Thread#2"                     [id=11024, stack(0x000000bb99d00000,0x000000bb99e00000) (1024K)]
  0x00000203575121c0 WorkerThread "GC Thread#3"                     [id=15836, stack(0x000000bb99e00000,0x000000bb99f00000) (1024K)]
  0x0000020357512560 WorkerThread "GC Thread#4"                     [id=19388, stack(0x000000bb99f00000,0x000000bb9a000000) (1024K)]
  0x0000020357fb4b70 WorkerThread "GC Thread#5"                     [id=18856, stack(0x000000bb9a000000,0x000000bb9a100000) (1024K)]
  0x0000020357fb4f10 WorkerThread "GC Thread#6"                     [id=12400, stack(0x000000bb9a100000,0x000000bb9a200000) (1024K)]
  0x0000020357fb52b0 WorkerThread "GC Thread#7"                     [id=10604, stack(0x000000bb9a200000,0x000000bb9a300000) (1024K)]
  0x000002033a0b8610 ConcurrentGCThread "G1 Main Marker"            [id=25288, stack(0x000000bb98b00000,0x000000bb98c00000) (1024K)]
  0x000002033a0b97c0 WorkerThread "G1 Conc#0"                       [id=7568, stack(0x000000bb98c00000,0x000000bb98d00000) (1024K)]
  0x00000203582148d0 WorkerThread "G1 Conc#1"                       [id=22004, stack(0x000000bb9ad00000,0x000000bb9ae00000) (1024K)]
  0x0000020351d895c0 ConcurrentGCThread "G1 Refine#0"               [id=19280, stack(0x000000bb98d00000,0x000000bb98e00000) (1024K)]
  0x0000020351d8adf0 ConcurrentGCThread "G1 Service"                [id=4600, stack(0x000000bb98e00000,0x000000bb98f00000) (1024K)]
Total: 15

Threads with active compile tasks:
C2 CompilerThread0    10341 8483   !   4       java.net.URLClassLoader$1::run (81 bytes)
C2 CompilerThread1    10341 8482       4       java.net.URLClassLoader$1::run (5 bytes)
C2 CompilerThread2    10341 8495   !   4       java.net.URLClassLoader::defineClass (224 bytes)
Total: 3

VM state: not at safepoint (normal execution)

VM Mutex/Monitor currently owned by a thread: None

Heap address: 0x0000000080000000, size: 2048 MB, Compressed Oops mode: 32-bit

CDS archive(s) not mapped
Compressed class space mapped at: 0x0000000100000000-0x0000000140000000, reserved size: 1073741824
Narrow klass base: 0x0000000000000000, Narrow klass shift: 3, Narrow klass range: 0x140000000

GC Precious Log:
 CardTable entry size: 512
 Card Set container configuration: InlinePtr #cards 5 size 8 Array Of Cards #cards 12 size 40 Howl #buckets 4 coarsen threshold 1843 Howl Bitmap #cards 512 size 80 coarsen threshold 460 Card regions per heap region 1 cards per card region 2048
 CPUs: 8 total, 8 available
 Memory: 8029M
 Large Page Support: Disabled
 NUMA Support: Disabled
 Compressed Oops: Enabled (32-bit)
 Heap Region Size: 1M
 Heap Min Capacity: 8M
 Heap Initial Capacity: 126M
 Heap Max Capacity: 2G
 Pre-touch: Disabled
 Parallel Workers: 8
 Concurrent Workers: 2
 Concurrent Refinement Workers: 8
 Periodic GC: Disabled

Heap:
 garbage-first heap   total 135168K, used 83503K [0x0000000080000000, 0x0000000100000000)
  region size 1024K, 16 young (16384K), 1 survivors (1024K)
 Metaspace       used 68617K, committed 70400K, reserved 1114112K
  class space    used 9330K, committed 10240K, reserved 1048576K

Heap Regions: E=young(eden), S=young(survivor), O=old, HS=humongous(starts), HC=humongous(continues), CS=collection set, F=free, TAMS=top-at-mark-start, PB=parsable bottom
|   0|0x0000000080000000, 0x0000000080100000, 0x0000000080100000|100%| O|  |TAMS 0x0000000080000000| PB 0x0000000080000000| Untracked 
|   1|0x0000000080100000, 0x0000000080200000, 0x0000000080200000|100%| O|  |TAMS 0x0000000080100000| PB 0x0000000080100000| Untracked 
|   2|0x0000000080200000, 0x0000000080300000, 0x0000000080300000|100%|HS|  |TAMS 0x0000000080200000| PB 0x0000000080200000| Complete 
|   3|0x0000000080300000, 0x0000000080400000, 0x0000000080400000|100%|HC|  |TAMS 0x0000000080300000| PB 0x0000000080300000| Complete 
|   4|0x0000000080400000, 0x0000000080500000, 0x0000000080500000|100%|HC|  |TAMS 0x0000000080400000| PB 0x0000000080400000| Complete 
|   5|0x0000000080500000, 0x0000000080600000, 0x0000000080600000|100%|HC|  |TAMS 0x0000000080500000| PB 0x0000000080500000| Complete 
|   6|0x0000000080600000, 0x0000000080700000, 0x0000000080700000|100%| O|  |TAMS 0x0000000080600000| PB 0x0000000080600000| Untracked 
|   7|0x0000000080700000, 0x0000000080800000, 0x0000000080800000|100%| O|  |TAMS 0x0000000080700000| PB 0x0000000080700000| Untracked 
|   8|0x0000000080800000, 0x0000000080900000, 0x0000000080900000|100%| O|  |TAMS 0x0000000080800000| PB 0x0000000080800000| Untracked 
|   9|0x0000000080900000, 0x0000000080a00000, 0x0000000080a00000|100%|HS|  |TAMS 0x0000000080900000| PB 0x0000000080900000| Complete 
|  10|0x0000000080a00000, 0x0000000080b00000, 0x0000000080b00000|100%| O|  |TAMS 0x0000000080a00000| PB 0x0000000080a00000| Untracked 
|  11|0x0000000080b00000, 0x0000000080c00000, 0x0000000080c00000|100%| O|  |TAMS 0x0000000080b00000| PB 0x0000000080b00000| Untracked 
|  12|0x0000000080c00000, 0x0000000080d00000, 0x0000000080d00000|100%| O|  |TAMS 0x0000000080c00000| PB 0x0000000080c00000| Untracked 
|  13|0x0000000080d00000, 0x0000000080e00000, 0x0000000080e00000|100%| O|  |TAMS 0x0000000080d00000| PB 0x0000000080d00000| Untracked 
|  14|0x0000000080e00000, 0x0000000080f00000, 0x0000000080f00000|100%| O|  |TAMS 0x0000000080e00000| PB 0x0000000080e00000| Untracked 
|  15|0x0000000080f00000, 0x0000000081000000, 0x0000000081000000|100%| O|  |TAMS 0x0000000080f00000| PB 0x0000000080f00000| Untracked 
|  16|0x0000000081000000, 0x0000000081100000, 0x0000000081100000|100%| O|  |TAMS 0x0000000081000000| PB 0x0000000081000000| Untracked 
|  17|0x0000000081100000, 0x0000000081200000, 0x0000000081200000|100%| O|  |TAMS 0x0000000081100000| PB 0x0000000081100000| Untracked 
|  18|0x0000000081200000, 0x0000000081300000, 0x0000000081300000|100%| O|  |TAMS 0x0000000081200000| PB 0x0000000081200000| Untracked 
|  19|0x0000000081300000, 0x0000000081400000, 0x0000000081400000|100%| O|  |TAMS 0x0000000081300000| PB 0x0000000081300000| Untracked 
|  20|0x0000000081400000, 0x0000000081500000, 0x0000000081500000|100%| O|  |TAMS 0x0000000081400000| PB 0x0000000081400000| Untracked 
|  21|0x0000000081500000, 0x0000000081600000, 0x0000000081600000|100%| O|  |TAMS 0x0000000081500000| PB 0x0000000081500000| Untracked 
|  22|0x0000000081600000, 0x0000000081700000, 0x0000000081700000|100%| O|  |TAMS 0x0000000081600000| PB 0x0000000081600000| Untracked 
|  23|0x0000000081700000, 0x0000000081800000, 0x0000000081800000|100%| O|  |TAMS 0x0000000081700000| PB 0x0000000081700000| Untracked 
|  24|0x0000000081800000, 0x0000000081900000, 0x0000000081900000|100%| O|  |TAMS 0x0000000081800000| PB 0x0000000081800000| Untracked 
|  25|0x0000000081900000, 0x0000000081a00000, 0x0000000081a00000|100%| O|  |TAMS 0x0000000081900000| PB 0x0000000081900000| Untracked 
|  26|0x0000000081a00000, 0x0000000081b00000, 0x0000000081b00000|100%| O|  |TAMS 0x0000000081a00000| PB 0x0000000081a00000| Untracked 
|  27|0x0000000081b00000, 0x0000000081c00000, 0x0000000081c00000|100%| O|  |TAMS 0x0000000081b00000| PB 0x0000000081b00000| Untracked 
|  28|0x0000000081c00000, 0x0000000081d00000, 0x0000000081d00000|100%| O|  |TAMS 0x0000000081c00000| PB 0x0000000081c00000| Untracked 
|  29|0x0000000081d00000, 0x0000000081e00000, 0x0000000081e00000|100%| O|  |TAMS 0x0000000081d00000| PB 0x0000000081d00000| Untracked 
|  30|0x0000000081e00000, 0x0000000081f00000, 0x0000000081f00000|100%| O|  |TAMS 0x0000000081e00000| PB 0x0000000081e00000| Untracked 
|  31|0x0000000081f00000, 0x0000000082000000, 0x0000000082000000|100%| O|  |TAMS 0x0000000081f00000| PB 0x0000000081f00000| Untracked 
|  32|0x0000000082000000, 0x0000000082100000, 0x0000000082100000|100%| O|  |TAMS 0x0000000082000000| PB 0x0000000082000000| Untracked 
|  33|0x0000000082100000, 0x0000000082200000, 0x0000000082200000|100%| O|Cm|TAMS 0x0000000082100000| PB 0x0000000082100000| Complete 
|  34|0x0000000082200000, 0x0000000082300000, 0x0000000082300000|100%| O|  |TAMS 0x0000000082200000| PB 0x0000000082200000| Untracked 
|  35|0x0000000082300000, 0x0000000082400000, 0x0000000082400000|100%| O|  |TAMS 0x0000000082300000| PB 0x0000000082300000| Untracked 
|  36|0x0000000082400000, 0x0000000082500000, 0x0000000082500000|100%| O|Cm|TAMS 0x0000000082400000| PB 0x0000000082400000| Complete 
|  37|0x0000000082500000, 0x0000000082600000, 0x0000000082600000|100%| O|  |TAMS 0x0000000082500000| PB 0x0000000082500000| Untracked 
|  38|0x0000000082600000, 0x0000000082700000, 0x0000000082700000|100%|HS|  |TAMS 0x0000000082600000| PB 0x0000000082600000| Complete 
|  39|0x0000000082700000, 0x0000000082800000, 0x0000000082800000|100%|HS|  |TAMS 0x0000000082700000| PB 0x0000000082700000| Complete 
|  40|0x0000000082800000, 0x0000000082900000, 0x0000000082900000|100%| O|  |TAMS 0x0000000082800000| PB 0x0000000082800000| Untracked 
|  41|0x0000000082900000, 0x0000000082a00000, 0x0000000082a00000|100%| O|  |TAMS 0x0000000082900000| PB 0x0000000082900000| Untracked 
|  42|0x0000000082a00000, 0x0000000082b00000, 0x0000000082b00000|100%| O|  |TAMS 0x0000000082a00000| PB 0x0000000082a00000| Untracked 
|  43|0x0000000082b00000, 0x0000000082c00000, 0x0000000082c00000|100%| O|  |TAMS 0x0000000082b00000| PB 0x0000000082b00000| Untracked 
|  44|0x0000000082c00000, 0x0000000082d00000, 0x0000000082d00000|100%| O|  |TAMS 0x0000000082c00000| PB 0x0000000082c00000| Untracked 
|  45|0x0000000082d00000, 0x0000000082e00000, 0x0000000082e00000|100%| O|  |TAMS 0x0000000082d00000| PB 0x0000000082d00000| Untracked 
|  46|0x0000000082e00000, 0x0000000082f00000, 0x0000000082f00000|100%|HS|  |TAMS 0x0000000082e00000| PB 0x0000000082e00000| Complete 
|  47|0x0000000082f00000, 0x0000000083000000, 0x0000000083000000|100%|HC|  |TAMS 0x0000000082f00000| PB 0x0000000082f00000| Complete 
|  48|0x0000000083000000, 0x0000000083100000, 0x0000000083100000|100%|HS|  |TAMS 0x0000000083000000| PB 0x0000000083000000| Complete 
|  49|0x0000000083100000, 0x0000000083200000, 0x0000000083200000|100%|HC|  |TAMS 0x0000000083100000| PB 0x0000000083100000| Complete 
|  50|0x0000000083200000, 0x0000000083300000, 0x0000000083300000|100%| O|  |TAMS 0x0000000083200000| PB 0x0000000083200000| Untracked 
|  51|0x0000000083300000, 0x0000000083400000, 0x0000000083400000|100%| O|  |TAMS 0x0000000083300000| PB 0x0000000083300000| Untracked 
|  52|0x0000000083400000, 0x0000000083500000, 0x0000000083500000|100%| O|  |TAMS 0x0000000083400000| PB 0x0000000083400000| Untracked 
|  53|0x0000000083500000, 0x0000000083600000, 0x0000000083600000|100%| O|  |TAMS 0x0000000083500000| PB 0x0000000083500000| Untracked 
|  54|0x0000000083600000, 0x0000000083700000, 0x0000000083700000|100%| O|  |TAMS 0x0000000083600000| PB 0x0000000083600000| Untracked 
|  55|0x0000000083700000, 0x0000000083800000, 0x0000000083800000|100%|HS|  |TAMS 0x0000000083700000| PB 0x0000000083700000| Complete 
|  56|0x0000000083800000, 0x0000000083900000, 0x0000000083900000|100%|HS|  |TAMS 0x0000000083800000| PB 0x0000000083800000| Complete 
|  57|0x0000000083900000, 0x0000000083a00000, 0x0000000083a00000|100%|HC|  |TAMS 0x0000000083900000| PB 0x0000000083900000| Complete 
|  58|0x0000000083a00000, 0x0000000083b00000, 0x0000000083b00000|100%|HC|  |TAMS 0x0000000083a00000| PB 0x0000000083a00000| Complete 
|  59|0x0000000083b00000, 0x0000000083c00000, 0x0000000083c00000|100%|HC|  |TAMS 0x0000000083b00000| PB 0x0000000083b00000| Complete 
|  60|0x0000000083c00000, 0x0000000083d00000, 0x0000000083d00000|100%|HS|  |TAMS 0x0000000083c00000| PB 0x0000000083c00000| Complete 
|  61|0x0000000083d00000, 0x0000000083e00000, 0x0000000083e00000|100%|HS|  |TAMS 0x0000000083d00000| PB 0x0000000083d00000| Complete 
|  62|0x0000000083e00000, 0x0000000083e00000, 0x0000000083f00000|  0%| F|  |TAMS 0x0000000083e00000| PB 0x0000000083e00000| Untracked 
|  63|0x0000000083f00000, 0x0000000083f00000, 0x0000000084000000|  0%| F|  |TAMS 0x0000000083f00000| PB 0x0000000083f00000| Untracked 
|  64|0x0000000084000000, 0x0000000084000000, 0x0000000084100000|  0%| F|  |TAMS 0x0000000084000000| PB 0x0000000084000000| Untracked 
|  65|0x0000000084100000, 0x0000000084100000, 0x0000000084200000|  0%| F|  |TAMS 0x0000000084100000| PB 0x0000000084100000| Untracked 
|  66|0x0000000084200000, 0x0000000084200000, 0x0000000084300000|  0%| F|  |TAMS 0x0000000084200000| PB 0x0000000084200000| Untracked 
|  67|0x0000000084300000, 0x0000000084300000, 0x0000000084400000|  0%| F|  |TAMS 0x0000000084300000| PB 0x0000000084300000| Untracked 
|  68|0x0000000084400000, 0x0000000084400000, 0x0000000084500000|  0%| F|  |TAMS 0x0000000084400000| PB 0x0000000084400000| Untracked 
|  69|0x0000000084500000, 0x0000000084500000, 0x0000000084600000|  0%| F|  |TAMS 0x0000000084500000| PB 0x0000000084500000| Untracked 
|  70|0x0000000084600000, 0x0000000084600000, 0x0000000084700000|  0%| F|  |TAMS 0x0000000084600000| PB 0x0000000084600000| Untracked 
|  71|0x0000000084700000, 0x0000000084700000, 0x0000000084800000|  0%| F|  |TAMS 0x0000000084700000| PB 0x0000000084700000| Untracked 
|  72|0x0000000084800000, 0x0000000084800000, 0x0000000084900000|  0%| F|  |TAMS 0x0000000084800000| PB 0x0000000084800000| Untracked 
|  73|0x0000000084900000, 0x0000000084900000, 0x0000000084a00000|  0%| F|  |TAMS 0x0000000084900000| PB 0x0000000084900000| Untracked 
|  74|0x0000000084a00000, 0x0000000084a00000, 0x0000000084b00000|  0%| F|  |TAMS 0x0000000084a00000| PB 0x0000000084a00000| Untracked 
|  75|0x0000000084b00000, 0x0000000084b00000, 0x0000000084c00000|  0%| F|  |TAMS 0x0000000084b00000| PB 0x0000000084b00000| Untracked 
|  76|0x0000000084c00000, 0x0000000084c00000, 0x0000000084d00000|  0%| F|  |TAMS 0x0000000084c00000| PB 0x0000000084c00000| Untracked 
|  77|0x0000000084d00000, 0x0000000084d00000, 0x0000000084e00000|  0%| F|  |TAMS 0x0000000084d00000| PB 0x0000000084d00000| Untracked 
|  78|0x0000000084e00000, 0x0000000084e00000, 0x0000000084f00000|  0%| F|  |TAMS 0x0000000084e00000| PB 0x0000000084e00000| Untracked 
|  79|0x0000000084f00000, 0x0000000084f00000, 0x0000000085000000|  0%| F|  |TAMS 0x0000000084f00000| PB 0x0000000084f00000| Untracked 
|  80|0x0000000085000000, 0x0000000085000000, 0x0000000085100000|  0%| F|  |TAMS 0x0000000085000000| PB 0x0000000085000000| Untracked 
|  81|0x0000000085100000, 0x0000000085100000, 0x0000000085200000|  0%| F|  |TAMS 0x0000000085100000| PB 0x0000000085100000| Untracked 
|  82|0x0000000085200000, 0x0000000085200000, 0x0000000085300000|  0%| F|  |TAMS 0x0000000085200000| PB 0x0000000085200000| Untracked 
|  83|0x0000000085300000, 0x0000000085300000, 0x0000000085400000|  0%| F|  |TAMS 0x0000000085300000| PB 0x0000000085300000| Untracked 
|  84|0x0000000085400000, 0x0000000085400000, 0x0000000085500000|  0%| F|  |TAMS 0x0000000085400000| PB 0x0000000085400000| Untracked 
|  85|0x0000000085500000, 0x0000000085500000, 0x0000000085600000|  0%| F|  |TAMS 0x0000000085500000| PB 0x0000000085500000| Untracked 
|  86|0x0000000085600000, 0x0000000085600000, 0x0000000085700000|  0%| F|  |TAMS 0x0000000085600000| PB 0x0000000085600000| Untracked 
|  87|0x0000000085700000, 0x0000000085700000, 0x0000000085800000|  0%| F|  |TAMS 0x0000000085700000| PB 0x0000000085700000| Untracked 
|  88|0x0000000085800000, 0x0000000085800000, 0x0000000085900000|  0%| F|  |TAMS 0x0000000085800000| PB 0x0000000085800000| Untracked 
|  89|0x0000000085900000, 0x0000000085900000, 0x0000000085a00000|  0%| F|  |TAMS 0x0000000085900000| PB 0x0000000085900000| Untracked 
|  90|0x0000000085a00000, 0x0000000085a00000, 0x0000000085b00000|  0%| F|  |TAMS 0x0000000085a00000| PB 0x0000000085a00000| Untracked 
|  91|0x0000000085b00000, 0x0000000085b00000, 0x0000000085c00000|  0%| F|  |TAMS 0x0000000085b00000| PB 0x0000000085b00000| Untracked 
|  92|0x0000000085c00000, 0x0000000085c00000, 0x0000000085d00000|  0%| F|  |TAMS 0x0000000085c00000| PB 0x0000000085c00000| Untracked 
|  93|0x0000000085d00000, 0x0000000085d00000, 0x0000000085e00000|  0%| F|  |TAMS 0x0000000085d00000| PB 0x0000000085d00000| Untracked 
|  94|0x0000000085e00000, 0x0000000085e00000, 0x0000000085f00000|  0%| F|  |TAMS 0x0000000085e00000| PB 0x0000000085e00000| Untracked 
|  95|0x0000000085f00000, 0x0000000085f00000, 0x0000000086000000|  0%| F|  |TAMS 0x0000000085f00000| PB 0x0000000085f00000| Untracked 
|  96|0x0000000086000000, 0x0000000086000000, 0x0000000086100000|  0%| F|  |TAMS 0x0000000086000000| PB 0x0000000086000000| Untracked 
|  97|0x0000000086100000, 0x0000000086100000, 0x0000000086200000|  0%| F|  |TAMS 0x0000000086100000| PB 0x0000000086100000| Untracked 
|  98|0x0000000086200000, 0x0000000086200000, 0x0000000086300000|  0%| F|  |TAMS 0x0000000086200000| PB 0x0000000086200000| Untracked 
|  99|0x0000000086300000, 0x0000000086300000, 0x0000000086400000|  0%| F|  |TAMS 0x0000000086300000| PB 0x0000000086300000| Untracked 
| 100|0x0000000086400000, 0x0000000086400000, 0x0000000086500000|  0%| F|  |TAMS 0x0000000086400000| PB 0x0000000086400000| Untracked 
| 101|0x0000000086500000, 0x0000000086500000, 0x0000000086600000|  0%| F|  |TAMS 0x0000000086500000| PB 0x0000000086500000| Untracked 
| 102|0x0000000086600000, 0x000000008668bf60, 0x0000000086700000| 54%| S|CS|TAMS 0x0000000086600000| PB 0x0000000086600000| Complete 
| 103|0x0000000086700000, 0x0000000086700000, 0x0000000086800000|  0%| F|  |TAMS 0x0000000086700000| PB 0x0000000086700000| Untracked 
| 104|0x0000000086800000, 0x0000000086800000, 0x0000000086900000|  0%| F|  |TAMS 0x0000000086800000| PB 0x0000000086800000| Untracked 
| 105|0x0000000086900000, 0x0000000086900000, 0x0000000086a00000|  0%| F|  |TAMS 0x0000000086900000| PB 0x0000000086900000| Untracked 
| 106|0x0000000086a00000, 0x0000000086a00000, 0x0000000086b00000|  0%| F|  |TAMS 0x0000000086a00000| PB 0x0000000086a00000| Untracked 
| 107|0x0000000086b00000, 0x0000000086b00000, 0x0000000086c00000|  0%| F|  |TAMS 0x0000000086b00000| PB 0x0000000086b00000| Untracked 
| 108|0x0000000086c00000, 0x0000000086c00000, 0x0000000086d00000|  0%| F|  |TAMS 0x0000000086c00000| PB 0x0000000086c00000| Untracked 
| 109|0x0000000086d00000, 0x0000000086d00000, 0x0000000086e00000|  0%| F|  |TAMS 0x0000000086d00000| PB 0x0000000086d00000| Untracked 
| 110|0x0000000086e00000, 0x0000000086e16fc0, 0x0000000086f00000|  8%| E|  |TAMS 0x0000000086e00000| PB 0x0000000086e00000| Complete 
| 111|0x0000000086f00000, 0x0000000086ffd3d8, 0x0000000087000000| 98%| E|  |TAMS 0x0000000086f00000| PB 0x0000000086f00000| Complete 
| 112|0x0000000087000000, 0x0000000087100000, 0x0000000087100000|100%| E|CS|TAMS 0x0000000087000000| PB 0x0000000087000000| Complete 
| 113|0x0000000087100000, 0x0000000087200000, 0x0000000087200000|100%| E|CS|TAMS 0x0000000087100000| PB 0x0000000087100000| Complete 
| 114|0x0000000087200000, 0x0000000087300000, 0x0000000087300000|100%| E|CS|TAMS 0x0000000087200000| PB 0x0000000087200000| Complete 
| 115|0x0000000087300000, 0x0000000087400000, 0x0000000087400000|100%| E|CS|TAMS 0x0000000087300000| PB 0x0000000087300000| Complete 
| 116|0x0000000087400000, 0x0000000087500000, 0x0000000087500000|100%| E|CS|TAMS 0x0000000087400000| PB 0x0000000087400000| Complete 
| 117|0x0000000087500000, 0x0000000087600000, 0x0000000087600000|100%| E|CS|TAMS 0x0000000087500000| PB 0x0000000087500000| Complete 
| 118|0x0000000087600000, 0x0000000087700000, 0x0000000087700000|100%| E|CS|TAMS 0x0000000087600000| PB 0x0000000087600000| Complete 
| 119|0x0000000087700000, 0x0000000087800000, 0x0000000087800000|100%| E|CS|TAMS 0x0000000087700000| PB 0x0000000087700000| Complete 
| 120|0x0000000087800000, 0x0000000087900000, 0x0000000087900000|100%| E|CS|TAMS 0x0000000087800000| PB 0x0000000087800000| Complete 
| 121|0x0000000087900000, 0x0000000087a00000, 0x0000000087a00000|100%| E|CS|TAMS 0x0000000087900000| PB 0x0000000087900000| Complete 
| 122|0x0000000087a00000, 0x0000000087b00000, 0x0000000087b00000|100%| E|CS|TAMS 0x0000000087a00000| PB 0x0000000087a00000| Complete 
| 123|0x0000000087b00000, 0x0000000087c00000, 0x0000000087c00000|100%| E|CS|TAMS 0x0000000087b00000| PB 0x0000000087b00000| Complete 
| 124|0x0000000087c00000, 0x0000000087d00000, 0x0000000087d00000|100%| E|CS|TAMS 0x0000000087c00000| PB 0x0000000087c00000| Complete 
| 125|0x0000000087d00000, 0x0000000087e00000, 0x0000000087e00000|100%| E|CS|TAMS 0x0000000087d00000| PB 0x0000000087d00000| Complete 
|2042|0x00000000ffa00000, 0x00000000ffb00000, 0x00000000ffb00000|100%| O|  |TAMS 0x00000000ffa00000| PB 0x00000000ffa00000| Untracked 
|2043|0x00000000ffb00000, 0x00000000ffc00000, 0x00000000ffc00000|100%| O|  |TAMS 0x00000000ffb00000| PB 0x00000000ffb00000| Untracked 
|2044|0x00000000ffc00000, 0x00000000ffd00000, 0x00000000ffd00000|100%| O|  |TAMS 0x00000000ffc00000| PB 0x00000000ffc00000| Untracked 
|2045|0x00000000ffd00000, 0x00000000ffe00000, 0x00000000ffe00000|100%| O|  |TAMS 0x00000000ffd00000| PB 0x00000000ffd00000| Untracked 
|2046|0x00000000ffe00000, 0x00000000fff00000, 0x00000000fff00000|100%| O|  |TAMS 0x00000000ffe00000| PB 0x00000000ffe00000| Untracked 
|2047|0x00000000fff00000, 0x0000000100000000, 0x0000000100000000|100%| O|  |TAMS 0x00000000fff00000| PB 0x00000000fff00000| Untracked 

Card table byte_map: [0x000002034d030000,0x000002034d430000] _byte_map_base: 0x000002034cc30000

Marking Bits: (CMBitMap*) 0x000002033a0a6ef0
 Bits: [0x000002034d430000, 0x000002034f430000)

Polling page: 0x0000020338810000

Metaspace:

Usage:
  Non-class:     57.92 MB used.
      Class:      9.11 MB used.
       Both:     67.03 MB used.

Virtual space:
  Non-class space:       64.00 MB reserved,      58.75 MB ( 92%) committed,  1 nodes.
      Class space:        1.00 GB reserved,      10.00 MB ( <1%) committed,  1 nodes.
             Both:        1.06 GB reserved,      68.75 MB (  6%) committed. 

Chunk freelists:
   Non-Class:  4.52 MB
       Class:  5.92 MB
        Both:  10.44 MB

MaxMetaspaceSize: unlimited
CompressedClassSpaceSize: 1.00 GB
Initial GC threshold: 21.00 MB
Current GC threshold: 113.44 MB
CDS: off
 - commit_granule_bytes: 65536.
 - commit_granule_words: 8192.
 - virtual_space_node_default_size: 8388608.
 - enlarge_chunks_in_place: 1.
 - use_allocation_guard: 0.


Internal statistics:

num_allocs_failed_limit: 12.
num_arena_births: 3164.
num_arena_deaths: 0.
num_vsnodes_births: 2.
num_vsnodes_deaths: 0.
num_space_committed: 1101.
num_space_uncommitted: 0.
num_chunks_returned_to_freelist: 12.
num_chunks_taken_from_freelist: 5940.
num_chunk_merges: 12.
num_chunk_splits: 3881.
num_chunks_enlarged: 2405.
num_inconsistent_stats: 0.

CodeHeap 'non-profiled nmethods': size=120000Kb used=4121Kb max_used=4524Kb free=115878Kb
 bounds [0x0000020344c80000, 0x00000203450f0000, 0x000002034c1b0000]
CodeHeap 'profiled nmethods': size=120000Kb used=12978Kb max_used=14206Kb free=107021Kb
 bounds [0x000002033d1b0000, 0x000002033df90000, 0x00000203446e0000]
CodeHeap 'non-nmethods': size=5760Kb used=1985Kb max_used=2124Kb free=3774Kb
 bounds [0x00000203446e0000, 0x0000020344950000, 0x0000020344c80000]
 total_blobs=8022 nmethods=7264 adapters=661
 compilation: enabled
              stopped_count=0, restarted_count=0
 full_count=0

Compilation events (20 events):
Event: 9.195 Thread 0x00000203520dc700 nmethod 8526 0x000002033d4dd410 code [0x000002033d4dd5c0, 0x000002033d4dd908]
Event: 9.197 Thread 0x00000203520dc700 8528       3       java.lang.instrument.ClassFileTransformer::transform (15 bytes)
Event: 9.198 Thread 0x00000203520dc700 nmethod 8528 0x000002033d1d8810 code [0x000002033d1d89c0, 0x000002033d1d8b48]
Event: 9.198 Thread 0x00000203520dc700 8529       3       org.gradle.internal.io.StreamByteBuffer::prepareRead (102 bytes)
Event: 9.199 Thread 0x00000203520dc700 nmethod 8529 0x000002033d205490 code [0x000002033d2056a0, 0x000002033d205ec0]
Event: 9.203 Thread 0x00000203520dc700 8530       1       java.util.zip.ZipFile$ZipFileInputStream::size (5 bytes)
Event: 9.203 Thread 0x00000203520dc700 nmethod 8530 0x0000020344d51910 code [0x0000020344d51aa0, 0x0000020344d51b68]
Event: 9.203 Thread 0x00000203520dc700 8531   !   3       org.gradle.internal.classloader.CachingClassLoader::loadClass (85 bytes)
Event: 9.203 Thread 0x00000203520dc700 nmethod 8531 0x000002033d92b610 code [0x000002033d92b820, 0x000002033d92bf40]
Event: 9.203 Thread 0x00000203520dc700 8532       3       com.google.common.collect.MapMakerInternalMap::get (23 bytes)
Event: 9.203 Thread 0x00000203520dc700 nmethod 8532 0x000002033d38d510 code [0x000002033d38d700, 0x000002033d38dc00]
Event: 9.223 Thread 0x00000203520dc700 8533       3       com.google.common.collect.MapMakerInternalMap$StrongKeyWeakValueSegment::maybeDrainReferenceQueues (9 bytes)
Event: 9.223 Thread 0x00000203520dc700 nmethod 8533 0x000002033d66be90 code [0x000002033d66c040, 0x000002033d66c200]
Event: 9.223 Thread 0x00000203520dc700 8534       3       com.google.common.collect.MapMakerInternalMap$Segment::drainValueReferenceQueue (42 bytes)
Event: 9.224 Thread 0x00000203520dc700 nmethod 8534 0x000002033d24cc90 code [0x000002033d24ce60, 0x000002033d24d290]
Event: 9.226 Thread 0x00000203520dc700 8535   !   3       org.gradle.internal.classloader.FilteringClassLoader::loadClass (62 bytes)
Event: 9.226 Thread 0x00000203520dc700 nmethod 8535 0x000002033d9daa90 code [0x000002033d9dad40, 0x000002033d9db8c0]
Event: 9.233 Thread 0x00000203520dc700 8536       3       jdk.internal.loader.URLClassPath::findResource (38 bytes)
Event: 9.234 Thread 0x00000203520dc700 nmethod 8536 0x000002033d741810 code [0x000002033d7419e0, 0x000002033d741d20]
Event: 9.309 Thread 0x00000203520dc700 8537   !   3       java.lang.Thread::beforeSleep (33 bytes)

GC Heap History (20 events):
Event: 5.606 GC heap before
{Heap before GC invocations=10 (full 0):
 garbage-first heap   total 90112K, used 75546K [0x0000000080000000, 0x0000000100000000)
  region size 1024K, 51 young (52224K), 7 survivors (7168K)
 Metaspace       used 46516K, committed 47744K, reserved 1114112K
  class space    used 6210K, committed 6848K, reserved 1048576K
}
Event: 5.613 GC heap after
{Heap after GC invocations=11 (full 0):
 garbage-first heap   total 90112K, used 34348K [0x0000000080000000, 0x0000000100000000)
  region size 1024K, 3 young (3072K), 3 survivors (3072K)
 Metaspace       used 46516K, committed 47744K, reserved 1114112K
  class space    used 6210K, committed 6848K, reserved 1048576K
}
Event: 6.094 GC heap before
{Heap before GC invocations=11 (full 0):
 garbage-first heap   total 90112K, used 77356K [0x0000000080000000, 0x0000000100000000)
  region size 1024K, 46 young (47104K), 3 survivors (3072K)
 Metaspace       used 51199K, committed 52608K, reserved 1114112K
  class space    used 6980K, committed 7680K, reserved 1048576K
}
Event: 6.098 GC heap after
{Heap after GC invocations=12 (full 0):
 garbage-first heap   total 108544K, used 36544K [0x0000000080000000, 0x0000000100000000)
  region size 1024K, 6 young (6144K), 6 survivors (6144K)
 Metaspace       used 51199K, committed 52608K, reserved 1114112K
  class space    used 6980K, committed 7680K, reserved 1048576K
}
Event: 6.721 GC heap before
{Heap before GC invocations=12 (full 0):
 garbage-first heap   total 108544K, used 89792K [0x0000000080000000, 0x0000000100000000)
  region size 1024K, 58 young (59392K), 6 survivors (6144K)
 Metaspace       used 59431K, committed 60928K, reserved 1114112K
  class space    used 8049K, committed 8832K, reserved 1048576K
}
Event: 6.727 GC heap after
{Heap after GC invocations=13 (full 0):
 garbage-first heap   total 108544K, used 39272K [0x0000000080000000, 0x0000000100000000)
  region size 1024K, 6 young (6144K), 6 survivors (6144K)
 Metaspace       used 59431K, committed 60928K, reserved 1114112K
  class space    used 8049K, committed 8832K, reserved 1048576K
}
Event: 7.608 GC heap before
{Heap before GC invocations=14 (full 0):
 garbage-first heap   total 108544K, used 95592K [0x0000000080000000, 0x0000000100000000)
  region size 1024K, 61 young (62464K), 6 survivors (6144K)
 Metaspace       used 65622K, committed 67328K, reserved 1114112K
  class space    used 8979K, committed 9856K, reserved 1048576K
}
Event: 7.615 GC heap after
{Heap after GC invocations=15 (full 0):
 garbage-first heap   total 108544K, used 44302K [0x0000000080000000, 0x0000000100000000)
  region size 1024K, 8 young (8192K), 8 survivors (8192K)
 Metaspace       used 65622K, committed 67328K, reserved 1114112K
  class space    used 8979K, committed 9856K, reserved 1048576K
}
Event: 8.239 GC heap before
{Heap before GC invocations=15 (full 0):
 garbage-first heap   total 108544K, used 92430K [0x0000000080000000, 0x0000000100000000)
  region size 1024K, 56 young (57344K), 8 survivors (8192K)
 Metaspace       used 66698K, committed 68416K, reserved 1114112K
  class space    used 9090K, committed 9984K, reserved 1048576K
}
Event: 8.248 GC heap after
{Heap after GC invocations=16 (full 0):
 garbage-first heap   total 108544K, used 49850K [0x0000000080000000, 0x0000000100000000)
  region size 1024K, 7 young (7168K), 7 survivors (7168K)
 Metaspace       used 66698K, committed 68416K, reserved 1114112K
  class space    used 9090K, committed 9984K, reserved 1048576K
}
Event: 8.518 GC heap before
{Heap before GC invocations=16 (full 0):
 garbage-first heap   total 108544K, used 93882K [0x0000000080000000, 0x0000000100000000)
  region size 1024K, 51 young (52224K), 7 survivors (7168K)
 Metaspace       used 67105K, committed 68800K, reserved 1114112K
  class space    used 9115K, committed 9984K, reserved 1048576K
}
Event: 8.523 GC heap after
{Heap after GC invocations=17 (full 0):
 garbage-first heap   total 108544K, used 51483K [0x0000000080000000, 0x0000000100000000)
  region size 1024K, 5 young (5120K), 5 survivors (5120K)
 Metaspace       used 67105K, committed 68800K, reserved 1114112K
  class space    used 9115K, committed 9984K, reserved 1048576K
}
Event: 8.689 GC heap before
{Heap before GC invocations=17 (full 0):
 garbage-first heap   total 108544K, used 93467K [0x0000000080000000, 0x0000000100000000)
  region size 1024K, 47 young (48128K), 5 survivors (5120K)
 Metaspace       used 67212K, committed 68864K, reserved 1114112K
  class space    used 9115K, committed 9984K, reserved 1048576K
}
Event: 8.692 GC heap after
{Heap after GC invocations=18 (full 0):
 garbage-first heap   total 108544K, used 52829K [0x0000000080000000, 0x0000000100000000)
  region size 1024K, 4 young (4096K), 4 survivors (4096K)
 Metaspace       used 67212K, committed 68864K, reserved 1114112K
  class space    used 9115K, committed 9984K, reserved 1048576K
}
Event: 8.850 GC heap before
{Heap before GC invocations=19 (full 0):
 garbage-first heap   total 108544K, used 94813K [0x0000000080000000, 0x0000000100000000)
  region size 1024K, 46 young (47104K), 4 survivors (4096K)
 Metaspace       used 67222K, committed 68928K, reserved 1114112K
  class space    used 9116K, committed 9984K, reserved 1048576K
}
Event: 8.854 GC heap after
{Heap after GC invocations=20 (full 0):
 garbage-first heap   total 108544K, used 54465K [0x0000000080000000, 0x0000000100000000)
  region size 1024K, 5 young (5120K), 5 survivors (5120K)
 Metaspace       used 67222K, committed 68928K, reserved 1114112K
  class space    used 9116K, committed 9984K, reserved 1048576K
}
Event: 9.067 GC heap before
{Heap before GC invocations=20 (full 0):
 garbage-first heap   total 108544K, used 101569K [0x0000000080000000, 0x0000000100000000)
  region size 1024K, 46 young (47104K), 5 survivors (5120K)
 Metaspace       used 67807K, committed 69568K, reserved 1114112K
  class space    used 9208K, committed 10112K, reserved 1048576K
}
Event: 9.072 GC heap after
{Heap after GC invocations=21 (full 0):
 garbage-first heap   total 112640K, used 62492K [0x0000000080000000, 0x0000000100000000)
  region size 1024K, 6 young (6144K), 6 survivors (6144K)
 Metaspace       used 67807K, committed 69568K, reserved 1114112K
  class space    used 9208K, committed 10112K, reserved 1048576K
}
Event: 9.088 GC heap before
{Heap before GC invocations=21 (full 0):
 garbage-first heap   total 112640K, used 63516K [0x0000000080000000, 0x0000000100000000)
  region size 1024K, 8 young (8192K), 6 survivors (6144K)
 Metaspace       used 67945K, committed 69696K, reserved 1114112K
  class space    used 9232K, committed 10112K, reserved 1048576K
}
Event: 9.093 GC heap after
{Heap after GC invocations=22 (full 0):
 garbage-first heap   total 135168K, used 63023K [0x0000000080000000, 0x0000000100000000)
  region size 1024K, 1 young (1024K), 1 survivors (1024K)
 Metaspace       used 67945K, committed 69696K, reserved 1114112K
  class space    used 9232K, committed 10112K, reserved 1048576K
}

Dll operation events (3 events):
Event: 0.009 Loaded shared library C:\Program Files\Android\android-studio-2024.2.2.13-windows\android-studio\jbr\bin\java.dll
Event: 0.014 Loaded shared library C:\Program Files\Android\android-studio-2024.2.2.13-windows\android-studio\jbr\bin\zip.dll
Event: 0.699 Loaded shared library C:\Program Files\Android\android-studio-2024.2.2.13-windows\android-studio\jbr\bin\verify.dll

Deoptimization events (20 events):
Event: 9.126 Thread 0x000002035774a730 DEOPT PACKING pc=0x000002033d463061 sp=0x000000bb9a9f64d0
Event: 9.126 Thread 0x000002035774a730 DEOPT UNPACKING pc=0x0000020344734e42 sp=0x000000bb9a9f5a40 mode 0
Event: 9.135 Thread 0x000002035774a730 DEOPT PACKING pc=0x000002033d463061 sp=0x000000bb9a9f6570
Event: 9.135 Thread 0x000002035774a730 DEOPT UNPACKING pc=0x0000020344734e42 sp=0x000000bb9a9f5ae0 mode 0
Event: 9.157 Thread 0x000002035774a730 DEOPT PACKING pc=0x000002033d463061 sp=0x000000bb9a9f65b0
Event: 9.157 Thread 0x000002035774a730 DEOPT UNPACKING pc=0x0000020344734e42 sp=0x000000bb9a9f5b20 mode 0
Event: 9.167 Thread 0x000002035774a730 Uncommon trap: trap_request=0xffffffc6 fr.pc=0x0000020344e8f32c relative=0x000000000000096c
Event: 9.167 Thread 0x000002035774a730 Uncommon trap: reason=bimorphic_or_optimized_type_check action=maybe_recompile pc=0x0000020344e8f32c method=java.util.regex.Pattern$Start.match(Ljava/util/regex/Matcher;ILjava/lang/CharSequence;)Z @ 44 c2
Event: 9.167 Thread 0x000002035774a730 DEOPT PACKING pc=0x0000020344e8f32c sp=0x000000bb9a9f7c50
Event: 9.167 Thread 0x000002035774a730 DEOPT UNPACKING pc=0x00000203447346a2 sp=0x000000bb9a9f7b28 mode 2
Event: 9.169 Thread 0x000002035774a730 Uncommon trap: trap_request=0xfffffff4 fr.pc=0x0000020344deed44 relative=0x0000000000000384
Event: 9.169 Thread 0x000002035774a730 Uncommon trap: reason=null_check action=make_not_entrant pc=0x0000020344deed44 method=sun.invoke.util.VerifyType.isNullConversion(Ljava/lang/Class;Ljava/lang/Class;Z)Z @ 67 c2
Event: 9.169 Thread 0x000002035774a730 DEOPT PACKING pc=0x0000020344deed44 sp=0x000000bb9a9f7f70
Event: 9.169 Thread 0x000002035774a730 DEOPT UNPACKING pc=0x00000203447346a2 sp=0x000000bb9a9f7ef0 mode 2
Event: 9.178 Thread 0x000002035774a730 DEOPT PACKING pc=0x000002033d463061 sp=0x000000bb9a9f5a60
Event: 9.178 Thread 0x000002035774a730 DEOPT UNPACKING pc=0x0000020344734e42 sp=0x000000bb9a9f4fd0 mode 0
Event: 9.179 Thread 0x000002035774a730 Uncommon trap: trap_request=0xffffffc6 fr.pc=0x0000020345087c7c relative=0x000000000000039c
Event: 9.179 Thread 0x000002035774a730 Uncommon trap: reason=bimorphic_or_optimized_type_check action=maybe_recompile pc=0x0000020345087c7c method=com.google.common.cache.LocalCache$Segment.getEntry(Ljava/lang/Object;I)Lcom/google/common/cache/ReferenceEntry; @ 11 c2
Event: 9.179 Thread 0x000002035774a730 DEOPT PACKING pc=0x0000020345087c7c sp=0x000000bb9a9f7920
Event: 9.179 Thread 0x000002035774a730 DEOPT UNPACKING pc=0x00000203447346a2 sp=0x000000bb9a9f78b8 mode 2

Classes loaded (20 events):
Event: 7.357 Loading class sun/reflect/ReflectionFactory
Event: 7.357 Loading class sun/reflect/ReflectionFactory done
Event: 7.357 Loading class sun/reflect/ReflectionFactory$1
Event: 7.357 Loading class sun/reflect/ReflectionFactory$1 done
Event: 8.175 Loading class java/lang/foreign/MemorySegment
Event: 8.176 Loading class java/lang/foreign/MemorySegment done
Event: 8.940 Loading class java/util/stream/SortedOps$RefSortingSink
Event: 8.940 Loading class java/util/stream/SortedOps$RefSortingSink done
Event: 8.946 Loading class java/time/Ser
Event: 8.946 Loading class java/time/Ser done
Event: 9.053 Loading class java/lang/ProcessBuilder
Event: 9.053 Loading class java/lang/ProcessBuilder done
Event: 9.164 Loading class java/lang/ThreadDeath
Event: 9.164 Loading class java/lang/ThreadDeath done
Event: 9.164 Loading class sun/misc/SharedSecrets
Event: 9.164 Loading class sun/misc/SharedSecrets done
Event: 9.169 Loading class sun/invoke/util/ValueConversions$1
Event: 9.169 Loading class sun/invoke/util/ValueConversions$1 done
Event: 9.170 Loading class java/lang/invoke/BoundMethodHandle$Species_LI
Event: 9.170 Loading class java/lang/invoke/BoundMethodHandle$Species_LI done

Classes unloaded (0 events):
No events

Classes redefined (0 events):
No events

Internal exceptions (20 events):
Event: 8.939 Thread 0x000002035774a730 Exception <a 'java/lang/NoSuchMethodError'{0x000000008474e080}: 'void java.lang.invoke.DirectMethodHandle$Holder.invokeInterface(java.lang.Object, java.lang.Object, java.lang.Object, java.lang.Object)'> (0x000000008474e080) 
thrown [s\src\hotspot\share\interpreter\linkResolver.cpp, line 784]
Event: 8.940 Thread 0x000002035774a730 Exception <a 'java/lang/NoSuchMethodError'{0x00000000847675c0}: 'long java.lang.invoke.DirectMethodHandle$Holder.invokeVirtual(java.lang.Object, java.lang.Object)'> (0x00000000847675c0) 
thrown [s\src\hotspot\share\interpreter\linkResolver.cpp, line 784]
Event: 8.941 Thread 0x000002035831c700 Exception <a 'java/lang/NoSuchMethodError'{0x000000008479dda0}: static Lorg/gradle/internal/build/event/types/DefaultOperationFinishedProgressEvent;.<clinit>()V> (0x000000008479dda0) 
thrown [s\src\hotspot\share\prims\jni.cpp, line 1135]
Event: 8.943 Thread 0x000002035831c700 Exception <a 'java/lang/NoSuchMethodError'{0x00000000847fa2f0}: static Lorg/gradle/internal/build/event/types/DefaultProjectConfigurationSuccessResult;.<clinit>()V> (0x00000000847fa2f0) 
thrown [s\src\hotspot\share\prims\jni.cpp, line 1135]
Event: 8.943 Thread 0x000002035831c700 Exception <a 'java/lang/NoSuchMethodError'{0x00000000847fb850}: static Lorg/gradle/internal/build/event/types/AbstractProjectConfigurationResult;.<clinit>()V> (0x00000000847fb850) 
thrown [s\src\hotspot\share\prims\jni.cpp, line 1135]
Event: 8.943 Thread 0x000002035831c700 Exception <a 'java/lang/NoSuchMethodError'{0x00000000847fd050}: static Lorg/gradle/internal/build/event/types/AbstractOperationResult;.<clinit>()V> (0x00000000847fd050) 
thrown [s\src\hotspot\share\prims\jni.cpp, line 1135]
Event: 8.943 Thread 0x000002035831c700 Exception <a 'java/lang/NoSuchMethodError'{0x00000000847fe4a0}: static Lorg/gradle/internal/build/event/types/AbstractResult;.<clinit>()V> (0x00000000847fe4a0) 
thrown [s\src\hotspot\share\prims\jni.cpp, line 1135]
Event: 8.945 Thread 0x000002035831c700 Exception <a 'java/lang/NoSuchMethodError'{0x0000000084617fe0}: static Lorg/gradle/internal/build/event/types/DefaultPluginApplicationResult;.<clinit>()V> (0x0000000084617fe0) 
thrown [s\src\hotspot\share\prims\jni.cpp, line 1135]
Event: 8.945 Thread 0x000002035831c700 Exception <a 'java/lang/NoSuchMethodError'{0x0000000084624b20}: static Lorg/gradle/internal/build/event/types/DefaultBinaryPluginIdentifier;.<clinit>()V> (0x0000000084624b20) 
thrown [s\src\hotspot\share\prims\jni.cpp, line 1135]
Event: 8.947 Thread 0x000002035831c700 Exception <a 'java/lang/NoSuchMethodError'{0x000000008463eec8}: static Lorg/gradle/internal/build/event/types/DefaultScriptPluginIdentifier;.<clinit>()V> (0x000000008463eec8) 
thrown [s\src\hotspot\share\prims\jni.cpp, line 1135]
Event: 8.994 Thread 0x000002035774a730 Implicit null exception at 0x0000020344ffe1e0 to 0x0000020344ffe6e8
Event: 8.994 Thread 0x000002035774a730 Implicit null exception at 0x0000020344ffd4c0 to 0x0000020344ffd9a4
Event: 9.048 Thread 0x000002035774a730 Exception <a 'java/lang/NoSuchMethodError'{0x0000000083d98c60}: 'void java.lang.invoke.Invokers$Holder.invoke_MT(java.lang.Object, java.lang.Object, java.lang.Object, java.lang.Object)'> (0x0000000083d98c60) 
thrown [s\src\hotspot\share\interpreter\linkResolver.cpp, line 784]
Event: 9.056 Thread 0x000002035774a730 Exception <a 'java/lang/NoSuchMethodError'{0x0000000083c11d88}: 'java.lang.Object java.lang.invoke.DirectMethodHandle$Holder.invokeSpecial(java.lang.Object, java.lang.Object, java.lang.Object, int, java.lang.Object, java.lang.Object)'> (0x0000000083c11d88) 
thrown [s\src\hotspot\share\interpreter\linkResolver.cpp, line 784]
Event: 9.164 Thread 0x000002035774a730 Exception <a 'java/lang/ClassNotFoundException'{0x000000008775b2c0}: sun/misc/SharedSecrets> (0x000000008775b2c0) 
thrown [s\src\hotspot\share\classfile\systemDictionary.cpp, line 312]
Event: 9.164 Thread 0x000002035774a730 Exception <a 'java/lang/ClassNotFoundException'{0x000000008775c8d8}: org/gradle/api/internal/plugins/DefaultObjectConfigurationActionBeanInfo> (0x000000008775c8d8) 
thrown [s\src\hotspot\share\classfile\systemDictionary.cpp, line 312]
Event: 9.165 Thread 0x000002035774a730 Exception <a 'java/lang/ClassNotFoundException'{0x0000000087770020}: org/gradle/api/internal/plugins/DefaultObjectConfigurationActionCustomizer> (0x0000000087770020) 
thrown [s\src\hotspot\share\classfile\systemDictionary.cpp, line 312]
Event: 9.169 Thread 0x000002035774a730 Implicit null exception at 0x0000020344deea84 to 0x0000020344deed30
Event: 9.169 Thread 0x000002035774a730 Exception <a 'java/lang/NoSuchMethodError'{0x000000008777d5a0}: 'int java.lang.invoke.DirectMethodHandle$Holder.invokeSpecial(java.lang.Object, java.lang.Object, java.lang.Object, int)'> (0x000000008777d5a0) 
thrown [s\src\hotspot\share\interpreter\linkResolver.cpp, line 784]
Event: 9.171 Thread 0x000002035774a730 Exception <a 'java/lang/NoSuchMethodError'{0x000000008778e728}: 'java.lang.Object java.lang.invoke.DirectMethodHandle$Holder.invokeStatic(java.lang.Object, java.lang.Object, java.lang.Object, java.lang.Object, int)'> (0x000000008778e728) 
thrown [s\src\hotspot\share\interpreter\linkResolver.cpp, line 784]

ZGC Phase Switch (0 events):
No events

VM Operations (20 events):
Event: 8.742 Executing VM operation: G1PauseRemark
Event: 8.745 Executing VM operation: G1PauseRemark done
Event: 8.771 Executing VM operation: G1PauseCleanup
Event: 8.772 Executing VM operation: G1PauseCleanup done
Event: 8.850 Executing VM operation: G1CollectForAllocation (G1 Evacuation Pause)
Event: 8.854 Executing VM operation: G1CollectForAllocation (G1 Evacuation Pause) done
Event: 9.015 Executing VM operation: ICBufferFull
Event: 9.015 Executing VM operation: ICBufferFull done
Event: 9.067 Executing VM operation: G1CollectForAllocation (G1 Evacuation Pause)
Event: 9.072 Executing VM operation: G1CollectForAllocation (G1 Evacuation Pause) done
Event: 9.088 Executing VM operation: G1TryInitiateConcMark (G1 Humongous Allocation)
Event: 9.093 Executing VM operation: G1TryInitiateConcMark (G1 Humongous Allocation) done
Event: 9.098 Executing VM operation: HandshakeAllThreads (Deoptimize)
Event: 9.098 Executing VM operation: HandshakeAllThreads (Deoptimize) done
Event: 9.139 Executing VM operation: G1PauseRemark
Event: 9.143 Executing VM operation: G1PauseRemark done
Event: 9.168 Executing VM operation: G1PauseCleanup
Event: 9.168 Executing VM operation: G1PauseCleanup done
Event: 10.172 Executing VM operation: Cleanup
Event: 10.172 Executing VM operation: Cleanup done

Memory protections (0 events):
No events

Nmethod flushes (20 events):
Event: 9.142 Thread 0x0000020352080b80 flushing  nmethod 0x000002033da1d090
Event: 9.142 Thread 0x0000020352080b80 flushing  nmethod 0x000002033da1df10
Event: 9.142 Thread 0x0000020352080b80 flushing  nmethod 0x000002033da1ed90
Event: 9.142 Thread 0x0000020352080b80 flushing  nmethod 0x000002033da1fc90
Event: 9.142 Thread 0x0000020352080b80 flushing  nmethod 0x000002033da20490
Event: 9.142 Thread 0x0000020352080b80 flushing  nmethod 0x000002033da20d90
Event: 9.142 Thread 0x0000020352080b80 flushing  nmethod 0x000002033da52a90
Event: 9.142 Thread 0x0000020352080b80 flushing  nmethod 0x000002033da55c10
Event: 9.142 Thread 0x0000020352080b80 flushing  nmethod 0x000002033da56a10
Event: 9.142 Thread 0x0000020352080b80 flushing  nmethod 0x000002033da57690
Event: 9.142 Thread 0x0000020352080b80 flushing  nmethod 0x000002033da60b90
Event: 9.142 Thread 0x0000020352080b80 flushing  nmethod 0x000002033db62290
Event: 9.142 Thread 0x0000020352080b80 flushing  nmethod 0x000002033db63b10
Event: 9.142 Thread 0x0000020352080b80 flushing  nmethod 0x000002033db64a10
Event: 9.142 Thread 0x0000020352080b80 flushing  nmethod 0x000002033db65410
Event: 9.142 Thread 0x0000020352080b80 flushing  nmethod 0x000002033db68490
Event: 9.142 Thread 0x0000020352080b80 flushing  nmethod 0x000002033db6a090
Event: 9.142 Thread 0x0000020352080b80 flushing  nmethod 0x000002033db6a510
Event: 9.142 Thread 0x0000020352080b80 flushing  nmethod 0x000002033ddab690
Event: 9.142 Thread 0x0000020352080b80 flushing  nmethod 0x000002033de44390

Events (20 events):
Event: 7.816 Thread 0x000002035774a730 Thread added: 0x000002035966d610
Event: 7.816 Thread 0x000002035774a730 Thread added: 0x000002035966e330
Event: 7.816 Thread 0x000002035774a730 Thread added: 0x000002035966e9c0
Event: 7.816 Thread 0x000002035774a730 Thread added: 0x000002035966b540
Event: 7.817 Thread 0x000002035774a730 Thread added: 0x000002035966f050
Event: 7.817 Thread 0x000002035774a730 Thread added: 0x000002035966f6e0
Event: 7.923 Thread 0x000002035774a730 Thread added: 0x0000020359670400
Event: 7.926 Thread 0x000002035774a730 Thread added: 0x000002035966fd70
Event: 7.928 Thread 0x000002035774a730 Thread added: 0x0000020359670a90
Event: 7.931 Thread 0x000002035774a730 Thread added: 0x000002035a7e8e30
Event: 7.935 Thread 0x000002035774a730 Thread added: 0x000002035a7e6040
Event: 7.947 Thread 0x000002035774a730 Thread added: 0x000002035a7e8110
Event: 7.949 Thread 0x000002035774a730 Thread added: 0x000002035a7e66d0
Event: 8.370 Thread 0x000002035774a730 Thread added: 0x000002035a7e87a0
Event: 8.371 Thread 0x000002035774a730 Thread added: 0x000002035a7e6d60
Event: 8.371 Thread 0x000002035774a730 Thread added: 0x000002035a7e59b0
Event: 8.371 Thread 0x000002035774a730 Thread added: 0x000002035a7e94c0
Event: 8.372 Thread 0x000002035774a730 Thread added: 0x000002035a7ea870
Event: 8.372 Thread 0x000002035774a730 Thread added: 0x000002035a7e7a80
Event: 8.372 Thread 0x000002035774a730 Thread added: 0x000002035a7e73f0


Dynamic libraries:
0x00007ff7a9550000 - 0x00007ff7a955a000 	C:\Program Files\Android\android-studio-2024.2.2.13-windows\android-studio\jbr\bin\java.exe
0x00007ffa12bc0000 - 0x00007ffa12e25000 	C:\WINDOWS\SYSTEM32\ntdll.dll
0x00007ffa11280000 - 0x00007ffa11349000 	C:\WINDOWS\System32\KERNEL32.DLL
0x00007ffa10540000 - 0x00007ffa10928000 	C:\WINDOWS\System32\KERNELBASE.dll
0x00007ffa10350000 - 0x00007ffa1049b000 	C:\WINDOWS\System32\ucrtbase.dll
0x00007ff9dafe0000 - 0x00007ff9daffb000 	C:\Program Files\Android\android-studio-2024.2.2.13-windows\android-studio\jbr\bin\VCRUNTIME140.dll
0x00007ff9cf5a0000 - 0x00007ff9cf5b8000 	C:\Program Files\Android\android-studio-2024.2.2.13-windows\android-studio\jbr\bin\jli.dll
0x00007ffa12360000 - 0x00007ffa1252a000 	C:\WINDOWS\System32\USER32.dll
0x00007ff9f8c10000 - 0x00007ff9f8eaa000 	C:\WINDOWS\WinSxS\amd64_microsoft.windows.common-controls_6595b64144ccf1df_6.0.26100.4202_none_3e0698d4e335f517\COMCTL32.dll
0x00007ffa0fce0000 - 0x00007ffa0fd07000 	C:\WINDOWS\System32\win32u.dll
0x00007ffa111d0000 - 0x00007ffa11279000 	C:\WINDOWS\System32\msvcrt.dll
0x00007ffa122c0000 - 0x00007ffa122eb000 	C:\WINDOWS\System32\GDI32.dll
0x00007ffa0fe60000 - 0x00007ffa0ff97000 	C:\WINDOWS\System32\gdi32full.dll
0x00007ffa102a0000 - 0x00007ffa10343000 	C:\WINDOWS\System32\msvcp_win.dll
0x00007ffa10aa0000 - 0x00007ffa10ad0000 	C:\WINDOWS\System32\IMM32.DLL
0x00007ff9dafd0000 - 0x00007ff9dafdc000 	C:\Program Files\Android\android-studio-2024.2.2.13-windows\android-studio\jbr\bin\vcruntime140_1.dll
0x00007ff9ca700000 - 0x00007ff9ca78d000 	C:\Program Files\Android\android-studio-2024.2.2.13-windows\android-studio\jbr\bin\msvcp140.dll
0x00007ff99da80000 - 0x00007ff99e703000 	C:\Program Files\Android\android-studio-2024.2.2.13-windows\android-studio\jbr\bin\server\jvm.dll
0x00007ffa11e20000 - 0x00007ffa11ed3000 	C:\WINDOWS\System32\ADVAPI32.dll
0x00007ffa11b80000 - 0x00007ffa11c26000 	C:\WINDOWS\System32\sechost.dll
0x00007ffa11ee0000 - 0x00007ffa11ff5000 	C:\WINDOWS\System32\RPCRT4.dll
0x00007ffa12530000 - 0x00007ffa125a4000 	C:\WINDOWS\System32\WS2_32.dll
0x00007ffa0e8c0000 - 0x00007ffa0e91e000 	C:\WINDOWS\SYSTEM32\POWRPROF.dll
0x00007ffa0a9d0000 - 0x00007ffa0a9db000 	C:\WINDOWS\SYSTEM32\VERSION.dll
0x00007ffa017e0000 - 0x00007ffa01815000 	C:\WINDOWS\SYSTEM32\WINMM.dll
0x00007ffa0e8a0000 - 0x00007ffa0e8b4000 	C:\WINDOWS\SYSTEM32\UMPDC.dll
0x00007ffa0eb90000 - 0x00007ffa0ebab000 	C:\WINDOWS\SYSTEM32\kernel.appcore.dll
0x00007ff9dafc0000 - 0x00007ff9dafca000 	C:\Program Files\Android\android-studio-2024.2.2.13-windows\android-studio\jbr\bin\jimage.dll
0x00007ffa0d1a0000 - 0x00007ffa0d3e1000 	C:\WINDOWS\SYSTEM32\DBGHELP.DLL
0x00007ffa12740000 - 0x00007ffa12ac5000 	C:\WINDOWS\System32\combase.dll
0x00007ffa11c30000 - 0x00007ffa11d11000 	C:\WINDOWS\System32\OLEAUT32.dll
0x00007ff9e21c0000 - 0x00007ff9e21f9000 	C:\WINDOWS\SYSTEM32\dbgcore.DLL
0x00007ffa104a0000 - 0x00007ffa10539000 	C:\WINDOWS\System32\bcryptPrimitives.dll
0x00007ffa0ab70000 - 0x00007ffa0ab7e000 	C:\Program Files\Android\android-studio-2024.2.2.13-windows\android-studio\jbr\bin\instrument.dll
0x00007ff9d6580000 - 0x00007ff9d65a0000 	C:\Program Files\Android\android-studio-2024.2.2.13-windows\android-studio\jbr\bin\java.dll
0x00007ff9d6560000 - 0x00007ff9d6578000 	C:\Program Files\Android\android-studio-2024.2.2.13-windows\android-studio\jbr\bin\zip.dll
0x00007ffa11430000 - 0x00007ffa11b72000 	C:\WINDOWS\System32\SHELL32.dll
0x00007ffa0ffa0000 - 0x00007ffa10114000 	C:\WINDOWS\System32\wintypes.dll
0x00007ffa0d940000 - 0x00007ffa0e198000 	C:\WINDOWS\SYSTEM32\windows.storage.dll
0x00007ffa11d20000 - 0x00007ffa11e11000 	C:\WINDOWS\System32\SHCORE.dll
0x00007ffa10f80000 - 0x00007ffa10fea000 	C:\WINDOWS\System32\shlwapi.dll
0x00007ffa0fbf0000 - 0x00007ffa0fc1f000 	C:\WINDOWS\SYSTEM32\profapi.dll
0x00007ff9d6bd0000 - 0x00007ff9d6be0000 	C:\Program Files\Android\android-studio-2024.2.2.13-windows\android-studio\jbr\bin\net.dll
0x00007ffa032e0000 - 0x00007ffa033fe000 	C:\WINDOWS\SYSTEM32\WINHTTP.dll
0x00007ffa0f110000 - 0x00007ffa0f17a000 	C:\WINDOWS\system32\mswsock.dll
0x00007ff9d0e10000 - 0x00007ff9d0e26000 	C:\Program Files\Android\android-studio-2024.2.2.13-windows\android-studio\jbr\bin\nio.dll
0x00007ff9f84b0000 - 0x00007ff9f84c0000 	C:\Program Files\Android\android-studio-2024.2.2.13-windows\android-studio\jbr\bin\verify.dll
0x00007ffa0a540000 - 0x00007ffa0a567000 	C:\Users\ASUS\.gradle\native\c067742578af261105cb4f569cf0c3c89f3d7b1fecec35dd04571415982c5e48\windows-amd64\native-platform.dll
0x00007ff9a9c40000 - 0x00007ff9a9d84000 	C:\Users\ASUS\.gradle\native\100fb08df4bc3b14c8652ba06237920a3bd2aa13389f12d3474272988ae205f9\windows-amd64\native-platform-file-events.dll
0x00007ff9c35b0000 - 0x00007ff9c35b9000 	C:\Program Files\Android\android-studio-2024.2.2.13-windows\android-studio\jbr\bin\management.dll
0x00007ff9aa190000 - 0x00007ff9aa19b000 	C:\Program Files\Android\android-studio-2024.2.2.13-windows\android-studio\jbr\bin\management_ext.dll
0x00007ffa11400000 - 0x00007ffa11408000 	C:\WINDOWS\System32\PSAPI.DLL
0x00007ffa0f3e0000 - 0x00007ffa0f3fb000 	C:\WINDOWS\SYSTEM32\CRYPTSP.dll
0x00007ffa0eaf0000 - 0x00007ffa0eb2a000 	C:\WINDOWS\system32\rsaenh.dll
0x00007ffa0f1b0000 - 0x00007ffa0f1db000 	C:\WINDOWS\SYSTEM32\USERENV.dll
0x00007ffa0fbc0000 - 0x00007ffa0fbe6000 	C:\WINDOWS\SYSTEM32\bcrypt.dll
0x00007ffa0f400000 - 0x00007ffa0f40c000 	C:\WINDOWS\SYSTEM32\CRYPTBASE.dll
0x00007ffa0e500000 - 0x00007ffa0e533000 	C:\WINDOWS\SYSTEM32\IPHLPAPI.DLL
0x00007ffa12350000 - 0x00007ffa1235a000 	C:\WINDOWS\System32\NSI.dll
0x00007ff9c65a0000 - 0x00007ff9c65a9000 	C:\Program Files\Android\android-studio-2024.2.2.13-windows\android-studio\jbr\bin\extnet.dll
0x00007ff9d6550000 - 0x00007ff9d6558000 	C:\WINDOWS\system32\wshunix.dll

dbghelp: loaded successfully - version: 4.0.5 - missing functions: none
symbol engine: initialized successfully - sym options: 0x614 - pdb path: .;C:\Program Files\Android\android-studio-2024.2.2.13-windows\android-studio\jbr\bin;C:\WINDOWS\SYSTEM32;C:\WINDOWS\WinSxS\amd64_microsoft.windows.common-controls_6595b64144ccf1df_6.0.26100.4202_none_3e0698d4e335f517;C:\Program Files\Android\android-studio-2024.2.2.13-windows\android-studio\jbr\bin\server;C:\Users\ASUS\.gradle\native\c067742578af261105cb4f569cf0c3c89f3d7b1fecec35dd04571415982c5e48\windows-amd64;C:\Users\ASUS\.gradle\native\100fb08df4bc3b14c8652ba06237920a3bd2aa13389f12d3474272988ae205f9\windows-amd64

VM Arguments:
jvm_args: --add-opens=java.base/java.util=ALL-UNNAMED --add-opens=java.base/java.lang=ALL-UNNAMED --add-opens=java.base/java.lang.invoke=ALL-UNNAMED --add-opens=java.prefs/java.util.prefs=ALL-UNNAMED --add-exports=jdk.compiler/com.sun.tools.javac.api=ALL-UNNAMED --add-exports=jdk.compiler/com.sun.tools.javac.util=ALL-UNNAMED --add-opens=java.base/java.nio.charset=ALL-UNNAMED --add-opens=java.base/java.net=ALL-UNNAMED --add-opens=java.base/java.util.concurrent.atomic=ALL-UNNAMED -Xmx2048m -Dfile.encoding=UTF-8 -Duser.country=US -Duser.language=en -Duser.variant -javaagent:C:\Users\ASUS\.gradle\wrapper\dists\gradle-8.10.2-bin\a04bxjujx95o3nb99gddekhwo\gradle-8.10.2\lib\agents\gradle-instrumentation-agent-8.10.2.jar 
java_command: org.gradle.launcher.daemon.bootstrap.GradleDaemon 8.10.2
java_class_path (initial): C:\Users\ASUS\.gradle\wrapper\dists\gradle-8.10.2-bin\a04bxjujx95o3nb99gddekhwo\gradle-8.10.2\lib\gradle-daemon-main-8.10.2.jar
Launcher Type: SUN_STANDARD

[Global flags]
     intx CICompilerCount                          = 4                                         {product} {ergonomic}
     uint ConcGCThreads                            = 2                                         {product} {ergonomic}
     uint G1ConcRefinementThreads                  = 8                                         {product} {ergonomic}
   size_t G1HeapRegionSize                         = 1048576                                   {product} {ergonomic}
    uintx GCDrainStackTargetSize                   = 64                                        {product} {ergonomic}
   size_t InitialHeapSize                          = 132120576                                 {product} {ergonomic}
   size_t MarkStackSize                            = 4194304                                   {product} {ergonomic}
   size_t MaxHeapSize                              = 2147483648                                {product} {command line}
   size_t MaxNewSize                               = 1287651328                                {product} {ergonomic}
   size_t MinHeapDeltaBytes                        = 1048576                                   {product} {ergonomic}
   size_t MinHeapSize                              = 8388608                                   {product} {ergonomic}
    uintx NonNMethodCodeHeapSize                   = 5839372                                {pd product} {ergonomic}
    uintx NonProfiledCodeHeapSize                  = 122909434                              {pd product} {ergonomic}
    uintx ProfiledCodeHeapSize                     = 122909434                              {pd product} {ergonomic}
    uintx ReservedCodeCacheSize                    = 251658240                              {pd product} {ergonomic}
     bool SegmentedCodeCache                       = true                                      {product} {ergonomic}
   size_t SoftMaxHeapSize                          = 2147483648                             {manageable} {ergonomic}
     bool UseCompressedOops                        = true                           {product lp64_product} {ergonomic}
     bool UseG1GC                                  = true                                      {product} {ergonomic}
     bool UseLargePagesIndividualAllocation        = false                                  {pd product} {ergonomic}

Logging:
Log output configuration:
 #0: stdout all=warning uptime,level,tags foldmultilines=false
 #1: stderr all=off uptime,level,tags foldmultilines=false

Environment Variables:
JAVA_HOME=C:\Program Files\Java\jdk-18
PATH=C:\Program Files\Java\jdk-18\bin;C:\Users\ASUS\AppData\Local\Programs\Python\Python312\;C:\Program Files (x86)\VMware\VMware Workstation\bin\;C:\Program Files\Common Files\Oracle\Java\javapath;C:\Program Files\Eclipse Foundation\jdk-11.0.12.7-hotspot\bin;C:\Windows\system32;C:\Windows;C:\Windows\System32\Wbem;C:\Windows\System32\WindowsPowerShell\v1.0\;C:\Windows\System32\OpenSSH\;C:\Program Files (x86)\NVIDIA Corporation\PhysX\Common;C:\Program Files\NVIDIA Corporation\NVIDIA NvDLISR;C:\Program Files\Java\jdk-18\bin\bin;C:\WINDOWS\system32;C:\WINDOWS;C:\WINDOWS\System32\Wbem;C:\WINDOWS\System32\WindowsPowerShell\v1.0\;C:\WINDOWS\System32\OpenSSH\;\msys64\mingw64\bin;C:\Program Files\Microsoft SQL Server\Client SDK\ODBC\110\Tools\Binn\;C:\Program Files (x86)\Microsoft SQL Server\120\Tools\Binn\;C:\Program Files\Microsoft SQL Server\120\Tools\Binn\;C:\Program Files\Microsoft SQL Server\120\DTS\Binn\;C:\Program Files (x86)\Microsoft SQL Server\120\Tools\Binn\ManagementStudio\;C:\Program Files (x86)\Microsoft SQL Server\120\DTS\Binn\;C:\Program Files\Java\jdk-11.0.16.1\bin;C:\Program Files\Microsoft SQL Server\150\Tools\Binn\;C:\Program Files\Microsoft SQL Server\Client SDK\ODBC\170\Tools\Binn\;C:\Program Files\dotnet\;C:\Program Files\Git\cmd;C:\Program Files\nodejs\;C:\Program Files\Genymobile\Genymotion\tools;C:\flutter\bin;C:\Users\ASUS\AppData\Roaming\npm;C:\Users\ASUS\AppData\Local\Programs\Microsoft VS Code\bin;C:\Program Files\Genymobile\Genymotion\tools;C:\Users\ASUS\AppData\Local\GitHubDesktop\bin;C:\Users\ASUS\AppData\Local\Programs\cursor\resources\app\bin
USERNAME=ASUS
OS=Windows_NT
PROCESSOR_IDENTIFIER=Intel64 Family 6 Model 165 Stepping 2, GenuineIntel
TMP=C:\Users\ASUS\AppData\Local\Temp
TEMP=C:\Users\ASUS\AppData\Local\Temp




Periodic native trim disabled

JNI global refs:
JNI global refs: 28, weak refs: 0

JNI global refs memory usage: 835, weak refs: 833

Process memory usage:
Resident Set Size: 378400K (4% of 8221704K total physical memory with 988812K free physical memory)

OOME stack traces (most recent first):
Classloader memory used:
Loader org.gradle.internal.classloader.VisitableURLClassLoader                         : 34066K
Loader bootstrap                                                                       : 23039K
Loader org.gradle.initialization.MixInLegacyTypesClassLoader                           : 9685K
Loader org.gradle.internal.classloader.VisitableURLClassLoader$InstrumentingVisitableURLClassLoader: 830K
Loader jdk.internal.loader.ClassLoaders$PlatformClassLoader                            : 499K
Loader org.gradle.internal.classloader.VisitableURLClassLoader                         : 260K
Loader jdk.internal.loader.ClassLoaders$AppClassLoader                                 : 234K
Loader jdk.internal.reflect.DelegatingClassLoader                                      : 120K

Classes loaded by more than one classloader:
Class Program                                                                         : loaded 4 times (x 70B)
Class [Lcom.google.common.base.AbstractIterator$State;                                : loaded 2 times (x 65B)
Class com.google.common.base.CharMatcher$IsEither                                     : loaded 2 times (x 107B)
Class org.gradle.internal.classloader.ClassLoaderHierarchy                            : loaded 2 times (x 66B)
Class com.google.common.collect.ImmutableList$1                                       : loaded 2 times (x 93B)
Class org.gradle.api.internal.classpath.ManifestUtil                                  : loaded 2 times (x 67B)
Class com.google.common.collect.UnmodifiableListIterator                              : loaded 2 times (x 91B)
Class org.gradle.internal.classloader.DefaultClassLoaderFactory                       : loaded 2 times (x 78B)
Class com.google.common.base.CharMatcher$None                                         : loaded 2 times (x 108B)
Class org.gradle.internal.classloader.ClassLoaderVisitor                              : loaded 2 times (x 72B)
Class org.gradle.api.internal.classpath.EffectiveClassPath                            : loaded 2 times (x 86B)
Class com.google.common.base.Splitter                                                 : loaded 2 times (x 68B)
Class org.gradle.api.internal.DefaultClassPathProvider                                : loaded 2 times (x 72B)
Class [Lorg.gradle.api.internal.ClassPathProvider;                                    : loaded 2 times (x 65B)
Class org.gradle.api.internal.ClassPathProvider                                       : loaded 2 times (x 66B)
Class com.google.common.base.AbstractIterator$State                                   : loaded 2 times (x 75B)
Class org.gradle.internal.service.UnknownServiceException                             : loaded 2 times (x 79B)
Class com.google.common.base.Splitter$1                                               : loaded 2 times (x 73B)
Class org.gradle.internal.classpath.TransformedClassPath                              : loaded 2 times (x 92B)
Class org.gradle.internal.classloader.InstrumentingClassLoader                        : loaded 2 times (x 66B)
Class com.google.common.collect.UnmodifiableIterator                                  : loaded 2 times (x 76B)
Class org.gradle.internal.service.ServiceLocator                                      : loaded 2 times (x 66B)
Class com.google.common.collect.RegularImmutableAsList                                : loaded 2 times (x 212B)
Class com.google.common.base.CharMatcher$RangesMatcher                                : loaded 2 times (x 108B)
Class com.google.common.collect.Lists$StringAsImmutableList                           : loaded 2 times (x 203B)
Class org.gradle.kotlin.dsl.VersionCatalogAccessorsKt                                 : loaded 2 times (x 67B)
Class com.google.common.base.CharMatcher$JavaLetterOrDigit                            : loaded 2 times (x 107B)
Class org.gradle.internal.InternalTransformer                                         : loaded 2 times (x 66B)
Class com.google.common.base.CharMatcher$And                                          : loaded 2 times (x 108B)
Class org.gradle.internal.classloader.ClasspathUtil$1                                 : loaded 2 times (x 72B)
Class org.gradle.api.internal.classpath.DefaultModuleRegistry$DefaultModule           : loaded 2 times (x 82B)
Class com.google.common.collect.ObjectArrays                                          : loaded 2 times (x 67B)
Class com.google.common.collect.AbstractIndexedListIterator                           : loaded 2 times (x 92B)
Class org.gradle.api.internal.classpath.Module                                        : loaded 2 times (x 66B)
Class org.gradle.api.internal.classpath.UnknownModuleException                        : loaded 2 times (x 78B)
Class com.google.common.base.NullnessCasts                                            : loaded 2 times (x 67B)
Class org.gradle.api.internal.DefaultClassPathRegistry                                : loaded 2 times (x 72B)
Class org.gradle.api.internal.ClassPathRegistry                                       : loaded 2 times (x 66B)
Class org.gradle.internal.classpath.DefaultClassPath$ImmutableUniqueList              : loaded 2 times (x 195B)
Class com.google.common.collect.SingletonImmutableList                                : loaded 2 times (x 203B)
Class org.gradle.internal.classloader.FilteringClassLoader                            : loaded 2 times (x 101B)
Class Settings_gradle$1                                                               : loaded 2 times (x 71B)
Class org.gradle.internal.classpath.ClassPath                                         : loaded 2 times (x 66B)
Class org.gradle.api.UncheckedIOException                                             : loaded 2 times (x 78B)
Class com.google.common.collect.ImmutableList$ReverseImmutableList                    : loaded 2 times (x 204B)
Class com.google.common.base.JdkPattern                                               : loaded 2 times (x 71B)
Class org.gradle.internal.installation.GradleInstallation$1                           : loaded 2 times (x 71B)
Class org.gradle.api.internal.classpath.ModuleRegistry                                : loaded 2 times (x 66B)
Class com.google.common.base.Splitter$SplittingIterator                               : loaded 2 times (x 80B)
Class com.google.common.base.CharMatcher$ForPredicate                                 : loaded 2 times (x 108B)
Class com.google.common.collect.ImmutableCollection                                   : loaded 2 times (x 121B)
Class com.google.common.base.CharMatcher$AnyOf                                        : loaded 2 times (x 108B)
Class org.gradle.api.internal.classpath.DefaultModuleRegistry                         : loaded 2 times (x 82B)
Class com.google.common.collect.Lists                                                 : loaded 2 times (x 67B)
Class com.google.common.base.CharMatcher$Any                                          : loaded 2 times (x 108B)
Class com.google.common.collect.ImmutableAsList                                       : loaded 2 times (x 205B)
Class org.gradle.internal.service.ServiceLookupException                              : loaded 2 times (x 78B)
Class com.google.common.base.CharMatcher$JavaLetter                                   : loaded 2 times (x 107B)
Class org.gradle.internal.classloader.ClassLoaderFactory                              : loaded 2 times (x 66B)
Class com.google.common.base.CharMatcher$IsNot                                        : loaded 2 times (x 107B)
Class com.google.common.base.CommonPattern                                            : loaded 2 times (x 70B)
Class org.gradle.internal.service.CachingServiceLocator                               : loaded 2 times (x 78B)
Class com.google.common.base.CharMatcher$JavaDigit                                    : loaded 2 times (x 107B)
Class com.google.common.collect.RegularImmutableList                                  : loaded 2 times (x 208B)
Class org.gradle.internal.classloader.ClasspathUtil                                   : loaded 2 times (x 67B)
Class com.google.common.base.CharMatcher$JavaUpperCase                                : loaded 2 times (x 107B)
Class org.gradle.api.specs.Spec                                                       : loaded 2 times (x 66B)
Class Build_gradle$1                                                                  : loaded 2 times (x 74B)
Class com.google.common.base.CharMatcher$Invisible                                    : loaded 2 times (x 108B)
Class org.gradle.internal.classloader.VisitableURLClassLoader$InstrumentingVisitableURLClassLoader: loaded 2 times (x 119B)
Class org.gradle.internal.classloader.VisitableURLClassLoader$Spec                    : loaded 2 times (x 70B)
Class org.gradle.internal.classpath.DefaultClassPath                                  : loaded 2 times (x 86B)
Class com.google.common.base.AbstractIterator                                         : loaded 2 times (x 76B)
Class com.google.common.base.CharMatcher$BitSetMatcher                                : loaded 2 times (x 108B)
Class com.google.common.base.CharMatcher$Ascii                                        : loaded 2 times (x 108B)
Class org.gradle.internal.classloader.ClassLoaderSpec                                 : loaded 2 times (x 67B)
Class com.google.common.base.CharMatcher$Or                                           : loaded 2 times (x 108B)
Class Settings_gradle$1$1                                                             : loaded 2 times (x 71B)
Class org.gradle.internal.classloader.VisitableURLClassLoader                         : loaded 2 times (x 113B)
Class Settings_gradle                                                                 : loaded 2 times (x 124B)
Class org.gradle.internal.Cast                                                        : loaded 2 times (x 67B)
Class org.gradle.api.Action                                                           : loaded 2 times (x 66B)
Class com.google.common.base.CharMatcher$FastMatcher                                  : loaded 2 times (x 107B)
Class com.google.common.base.Predicate                                                : loaded 2 times (x 66B)
Class org.gradle.internal.classpath.DefaultClassPath$ImmutableUniqueList$Builder      : loaded 2 times (x 71B)
Class com.google.common.base.CharMatcher$NegatedFastMatcher                           : loaded 2 times (x 109B)
Class com.google.common.base.AbstractIterator$1                                       : loaded 2 times (x 67B)
Class com.google.common.base.CharMatcher$Digit                                        : loaded 2 times (x 108B)
Class org.gradle.api.GradleException                                                  : loaded 2 times (x 78B)
Class com.google.common.collect.CollectPreconditions                                  : loaded 2 times (x 67B)
Class com.google.common.base.CharMatcher$JavaIsoControl                               : loaded 2 times (x 108B)
Class com.google.common.base.CharMatcher$JavaLowerCase                                : loaded 2 times (x 107B)
Class com.google.common.base.Splitter$1$1                                             : loaded 2 times (x 82B)
Class com.google.common.base.CharMatcher$Whitespace                                   : loaded 2 times (x 108B)
Class org.gradle.internal.IoActions                                                   : loaded 2 times (x 67B)
Class com.google.common.base.CharMatcher$SingleWidth                                  : loaded 2 times (x 108B)
Class org.gradle.internal.classloader.SystemClassLoaderSpec                           : loaded 2 times (x 67B)
Class com.google.common.base.CharMatcher$Negated                                      : loaded 2 times (x 109B)
Class com.google.common.base.CharMatcher$Is                                           : loaded 2 times (x 107B)
Class com.google.common.base.Preconditions                                            : loaded 2 times (x 67B)
Class com.google.common.base.CharMatcher                                              : loaded 2 times (x 107B)
Class com.google.common.base.CharMatcher$1                                            : loaded 2 times (x 109B)
Class com.google.common.base.CharMatcher$NamedFastMatcher                             : loaded 2 times (x 108B)
Class org.gradle.api.internal.classpath.GlobalCacheRootsProvider                      : loaded 2 times (x 66B)
Class com.google.common.base.CharMatcher$InRange                                      : loaded 2 times (x 107B)
Class Settings_gradle$1$1$1                                                           : loaded 2 times (x 70B)
Class Build_gradle                                                                    : loaded 2 times (x 68B)
Class org.gradle.internal.installation.CurrentGradleInstallationLocator               : loaded 2 times (x 67B)
Class com.google.common.collect.ImmutableList                                         : loaded 2 times (x 202B)
Class org.gradle.internal.service.DefaultServiceLocator                               : loaded 2 times (x 79B)
Class org.gradle.internal.installation.CurrentGradleInstallation                      : loaded 2 times (x 69B)
Class com.google.common.collect.ImmutableList$SubList                                 : loaded 2 times (x 204B)
Class org.gradle.util.internal.GUtil                                                  : loaded 2 times (x 67B)
Class org.gradle.internal.installation.GradleInstallation                             : loaded 2 times (x 71B)
Class com.google.common.base.Splitter$Strategy                                        : loaded 2 times (x 66B)

---------------  S Y S T E M  ---------------

OS:
 Windows 11 , 64 bit Build 26100 (10.0.26100.4202)
OS uptime: 1 days 3:42 hours
Hyper-V role detected

CPU: total 8 (initial active 8) (4 cores per cpu, 2 threads per core) family 6 model 165 stepping 2 microcode 0xe0, cx8, cmov, fxsr, ht, mmx, 3dnowpref, sse, sse2, sse3, ssse3, sse4.1, sse4.2, popcnt, lzcnt, tsc, tscinvbit, avx, avx2, aes, erms, clmul, bmi1, bmi2, adx, fma, vzeroupper, clflush, clflushopt, hv, rdtscp, f16c
Processor Information for all 8 processors :
  Max Mhz: 2496, Current Mhz: 2496, Mhz Limit: 2496

Memory: 4k page, system-wide physical 8029M (959M free)
TotalPageFile size 32605M (AvailPageFile size 9M)
current process WorkingSet (physical memory assigned to process): 370M, peak: 371M
current process commit charge ("private bytes"): 414M, peak: 417M

vm_info: OpenJDK 64-Bit Server VM (21.0.4+-12508038-b607.1) for windows-amd64 JRE (21.0.4+-12508038-b607.1), built on 2024-10-16T17:23:34Z by "builder" with MS VC++ 16.10 / 16.11 (VS2019)

END.
