#
# There is insufficient memory for the Java Runtime Environment to continue.
# Native memory allocation (malloc) failed to allocate 100336 bytes. Error detail: Chunk::new
# Possible reasons:
#   The system is out of physical RAM or swap space
#   This process is running with CompressedOops enabled, and the Java Heap may be blocking the growth of the native heap
# Possible solutions:
#   Reduce memory load on the system
#   Increase physical memory or swap space
#   Check if swap backing store is full
#   Decrease Java heap size (-Xmx/-Xms)
#   Decrease number of Java threads
#   Decrease Java thread stack sizes (-Xss)
#   Set larger code cache with -XX:ReservedCodeCacheSize=
#   JVM is running with Unscaled Compressed Oops mode in which the Java heap is
#     placed in the first 4GB address space. The Java Heap base address is the
#     maximum limit for the native heap growth. Please use -XX:HeapBaseMinAddress
#     to set the Java Heap base and to place the Java Heap above 4GB virtual address.
# This output file may be truncated or incomplete.
#
#  Out of Memory Error (arena.cpp:168), pid=25528, tid=2244
#
# JRE version: OpenJDK Runtime Environment Temurin-21.0.7+6 (21.0.7+6) (build 21.0.7+6-LTS)
# Java VM: OpenJDK 64-Bit Server VM Temurin-21.0.7+6 (21.0.7+6-LTS, mixed mode, sharing, tiered, compressed oops, compressed class ptrs, parallel gc, windows-amd64)
# No core dump will be written. Minidumps are not enabled by default on client versions of Windows
#

---------------  S U M M A R Y ------------

Command Line: --add-modules=ALL-SYSTEM --add-opens=java.base/java.util=ALL-UNNAMED --add-opens=java.base/java.lang=ALL-UNNAMED --add-opens=java.base/sun.nio.fs=ALL-UNNAMED -Declipse.application=org.eclipse.jdt.ls.core.id1 -Dosgi.bundles.defaultStartLevel=4 -Declipse.product=org.eclipse.jdt.ls.core.product -Djava.import.generatesMetadataFilesAtProjectRoot=false -DDetectVMInstallationsJob.disabled=true -Dfile.encoding=utf8 -XX:+UseParallelGC -XX:GCTimeRatio=4 -XX:AdaptiveSizePolicyWeight=90 -Dsun.zip.disableMemoryMapping=true -Xmx1G -Xms100m -Xlog:disable -javaagent:c:\Users\ASUS\.cursor\extensions\redhat.java-1.42.0-win32-x64\lombok\lombok-1.18.36.jar c:\Users\ASUS\.cursor\extensions\redhat.java-1.42.0-win32-x64\server\plugins\org.eclipse.equinox.launcher_1.7.0.v20250424-1814.jar -configuration c:\Users\ASUS\AppData\Roaming\Cursor\User\globalStorage\redhat.java\1.42.0\config_ss_win -data c:\Users\ASUS\AppData\Roaming\Cursor\User\workspaceStorage\77ed3a1cbd9361bc1dac7e775c7fa274\redhat.java\ss_ws --pipe=\\.\pipe\lsp-bfcecd4dfdbc69aff06de6b5844521cd-sock

Host: Intel(R) Core(TM) i5-10300H CPU @ 2.50GHz, 8 cores, 7G,  Windows 11 , 64 bit Build 26100 (10.0.26100.4202)
Time: Wed Jun 11 16:33:00 2025 SE Asia Standard Time elapsed time: 6.502126 seconds (0d 0h 0m 6s)

---------------  T H R E A D  ---------------

Current thread (0x00000263c1313c10):  JavaThread "C2 CompilerThread0" daemon [_thread_in_native, id=2244, stack(0x000000d3f4500000,0x000000d3f4600000) (1024K)]


Current CompileTask:
C2:6502  619       4       java.lang.String::replace (42 bytes)

Stack: [0x000000d3f4500000,0x000000d3f4600000]
Native frames: (J=compiled Java code, j=interpreted, Vv=VM code, C=native code)
V  [jvm.dll+0x6ce119]
V  [jvm.dll+0x8a84a1]
V  [jvm.dll+0x8aa9ce]
V  [jvm.dll+0x8ab0b3]
V  [jvm.dll+0x27f8a6]
V  [jvm.dll+0xc507d]
V  [jvm.dll+0xc55b3]
V  [jvm.dll+0x3b68f2]
V  [jvm.dll+0x382aa5]
V  [jvm.dll+0x381f0a]
V  [jvm.dll+0x247af0]
V  [jvm.dll+0x2470cf]
V  [jvm.dll+0x1c760e]
V  [jvm.dll+0x25695a]
V  [jvm.dll+0x254efa]
V  [jvm.dll+0x3f03f6]
V  [jvm.dll+0x851f6b]
V  [jvm.dll+0x6cc7dd]
C  [ucrtbase.dll+0x37b0]
C  [KERNEL32.DLL+0x2e8d7]
C  [ntdll.dll+0x3c34c]


---------------  P R O C E S S  ---------------

Threads class SMR info:
_java_thread_list=0x0000026408356b40, length=11, elements={
0x00000263acf41a10, 0x00000263c12efb60, 0x00000263c12f2fa0, 0x00000263c12f6d80,
0x00000263c12f9be0, 0x00000263c12fddb0, 0x00000263c1303b20, 0x00000263c1313c10,
0x00000263c1317350, 0x00000264080ce1e0, 0x00000264080cf590
}

Java Threads: ( => current thread )
  0x00000263acf41a10 JavaThread "main"                              [_thread_in_Java, id=27728, stack(0x000000d3f3b00000,0x000000d3f3c00000) (1024K)]
  0x00000263c12efb60 JavaThread "Reference Handler"          daemon [_thread_blocked, id=22216, stack(0x000000d3f3f00000,0x000000d3f4000000) (1024K)]
  0x00000263c12f2fa0 JavaThread "Finalizer"                  daemon [_thread_blocked, id=14372, stack(0x000000d3f4000000,0x000000d3f4100000) (1024K)]
  0x00000263c12f6d80 JavaThread "Signal Dispatcher"          daemon [_thread_blocked, id=26256, stack(0x000000d3f4100000,0x000000d3f4200000) (1024K)]
  0x00000263c12f9be0 JavaThread "Attach Listener"            daemon [_thread_blocked, id=23068, stack(0x000000d3f4200000,0x000000d3f4300000) (1024K)]
  0x00000263c12fddb0 JavaThread "Service Thread"             daemon [_thread_blocked, id=22972, stack(0x000000d3f4300000,0x000000d3f4400000) (1024K)]
  0x00000263c1303b20 JavaThread "Monitor Deflation Thread"   daemon [_thread_blocked, id=8744, stack(0x000000d3f4400000,0x000000d3f4500000) (1024K)]
=>0x00000263c1313c10 JavaThread "C2 CompilerThread0"         daemon [_thread_in_native, id=2244, stack(0x000000d3f4500000,0x000000d3f4600000) (1024K)]
  0x00000263c1317350 JavaThread "C1 CompilerThread0"         daemon [_thread_in_native, id=11460, stack(0x000000d3f4600000,0x000000d3f4700000) (1024K)]
  0x00000264080ce1e0 JavaThread "Common-Cleaner"             daemon [_thread_blocked, id=19208, stack(0x000000d3f4700000,0x000000d3f4800000) (1024K)]
  0x00000264080cf590 JavaThread "Notification Thread"        daemon [_thread_blocked, id=8976, stack(0x000000d3f4800000,0x000000d3f4900000) (1024K)]
Total: 11

Other Threads:
  0x00000263acffe6a0 VMThread "VM Thread"                           [id=22748, stack(0x000000d3f3e00000,0x000000d3f3f00000) (1024K)]
  0x00000263c120ca00 WatcherThread "VM Periodic Task Thread"        [id=26796, stack(0x000000d3f3d00000,0x000000d3f3e00000) (1024K)]
  0x00000263acf5fc40 WorkerThread "GC Thread#0"                     [id=20752, stack(0x000000d3f3c00000,0x000000d3f3d00000) (1024K)]
Total: 3

Threads with active compile tasks:
C2 CompilerThread0  6516  619       4       java.lang.String::replace (42 bytes)
C1 CompilerThread0  6516  650       3       java.lang.invoke.MemberName::getMethodOrFieldType (72 bytes)
Total: 2

VM state: not at safepoint (normal execution)

VM Mutex/Monitor currently owned by a thread:  ([mutex/lock_event])
[0x00007ff8c787d388] CompileThread_lock - owner thread: 0x00000263c1317350

Heap address: 0x00000000c0000000, size: 1024 MB, Compressed Oops mode: 32-bit

CDS archive(s) mapped at: [0x00000263c2000000-0x00000263c2ba0000-0x00000263c2ba0000), size 12189696, SharedBaseAddress: 0x00000263c2000000, ArchiveRelocationMode: 1.
Compressed class space mapped at: 0x00000263c3000000-0x0000026403000000, reserved size: 1073741824
Narrow klass base: 0x00000263c2000000, Narrow klass shift: 0, Narrow klass range: 0x100000000

GC Precious Log:
 CardTable entry size: 512
 CPUs: 8 total, 8 available
 Memory: 8029M
 Large Page Support: Disabled
 NUMA Support: Disabled
 Compressed Oops: Enabled (32-bit)
 Alignments: Space 512K, Generation 512K, Heap 2M
 Heap Min Capacity: 100M
 Heap Initial Capacity: 100M
 Heap Max Capacity: 1G
 Pre-touch: Disabled
 Parallel Workers: 8

Heap:
 PSYoungGen      total 29696K, used 12778K [0x00000000eab00000, 0x00000000ecc00000, 0x0000000100000000)
  eden space 25600K, 49% used [0x00000000eab00000,0x00000000eb77aae0,0x00000000ec400000)
  from space 4096K, 0% used [0x00000000ec800000,0x00000000ec800000,0x00000000ecc00000)
  to   space 4096K, 0% used [0x00000000ec400000,0x00000000ec400000,0x00000000ec800000)
 ParOldGen       total 68608K, used 0K [0x00000000c0000000, 0x00000000c4300000, 0x00000000eab00000)
  object space 68608K, 0% used [0x00000000c0000000,0x00000000c0000000,0x00000000c4300000)
 Metaspace       used 2226K, committed 2432K, reserved 1114112K
  class space    used 219K, committed 320K, reserved 1048576K

Card table byte_map: [0x00000263ac8e0000,0x00000263acaf0000] _byte_map_base: 0x00000263ac2e0000

Marking Bits: (ParMarkBitMap*) 0x00007ff8c78831f0
 Begin Bits: [0x00000263bf130000, 0x00000263c0130000)
 End Bits:   [0x00000263c0130000, 0x00000263c1130000)

Polling page: 0x00000263aace0000

Metaspace:

Usage:
  Non-class:      1.96 MB used.
      Class:    219.19 KB used.
       Both:      2.18 MB used.

Virtual space:
  Non-class space:       64.00 MB reserved,       2.06 MB (  3%) committed,  1 nodes.
      Class space:        1.00 GB reserved,     320.00 KB ( <1%) committed,  1 nodes.
             Both:        1.06 GB reserved,       2.38 MB ( <1%) committed. 

Chunk freelists:
   Non-Class:  11.65 MB
       Class:  15.67 MB
        Both:  27.32 MB

MaxMetaspaceSize: unlimited
CompressedClassSpaceSize: 1.00 GB
Initial GC threshold: 21.00 MB
Current GC threshold: 21.00 MB
CDS: on
 - commit_granule_bytes: 65536.
 - commit_granule_words: 8192.
 - virtual_space_node_default_size: 8388608.
 - enlarge_chunks_in_place: 1.
 - use_allocation_guard: 0.


Internal statistics:

num_allocs_failed_limit: 0.
num_arena_births: 80.
num_arena_deaths: 0.
num_vsnodes_births: 2.
num_vsnodes_deaths: 0.
num_space_committed: 38.
num_space_uncommitted: 0.
num_chunks_returned_to_freelist: 0.
num_chunks_taken_from_freelist: 102.
num_chunk_merges: 0.
num_chunk_splits: 71.
num_chunks_enlarged: 46.
num_inconsistent_stats: 0.

CodeHeap 'non-profiled nmethods': size=120000Kb used=224Kb max_used=224Kb free=119775Kb
 bounds [0x00000263b7c00000, 0x00000263b7e70000, 0x00000263bf130000]
CodeHeap 'profiled nmethods': size=120000Kb used=975Kb max_used=975Kb free=119024Kb
 bounds [0x00000263b0130000, 0x00000263b03a0000, 0x00000263b7660000]
CodeHeap 'non-nmethods': size=5760Kb used=1173Kb max_used=1191Kb free=4586Kb
 bounds [0x00000263b7660000, 0x00000263b78d0000, 0x00000263b7c00000]
 total_blobs=1072 nmethods=645 adapters=334
 compilation: enabled
              stopped_count=0, restarted_count=0
 full_count=0

Compilation events (20 events):
Event: 4.471 Thread 0x00000263c1317350  637       3       java.io.ByteArrayOutputStream::ensureCapacity (32 bytes)
Event: 4.471 Thread 0x00000263c1317350 nmethod 637 0x00000263b021aa10 code [0x00000263b021abe0, 0x00000263b021af38]
Event: 4.472 Thread 0x00000263c1317350  638       3       java.math.BigInteger::<init> (404 bytes)
Event: 4.474 Thread 0x00000263c1317350 nmethod 638 0x00000263b021b090 code [0x00000263b021b560, 0x00000263b021d5b8]
Event: 4.474 Thread 0x00000263c1317350  639       3       java.math.BigInteger::getInt (63 bytes)
Event: 4.474 Thread 0x00000263c1317350 nmethod 639 0x00000263b021e410 code [0x00000263b021e600, 0x00000263b021e9c8]
Event: 4.474 Thread 0x00000263c1317350  643       3       sun.security.util.CurveDB::bi (11 bytes)
Event: 4.474 Thread 0x00000263c1317350 nmethod 643 0x00000263b021eb10 code [0x00000263b021ecc0, 0x00000263b021ee80]
Event: 4.474 Thread 0x00000263c1317350  644  s    3       java.io.ByteArrayOutputStream::write (32 bytes)
Event: 4.474 Thread 0x00000263c1317350 nmethod 644 0x00000263b021ef10 code [0x00000263b021f0c0, 0x00000263b021f310]
Event: 4.474 Thread 0x00000263c1317350  645       3       java.util.LinkedHashMap::linkNodeAtEnd (76 bytes)
Event: 4.474 Thread 0x00000263c1317350 nmethod 645 0x00000263b021f410 code [0x00000263b021f5c0, 0x00000263b021f8d0]
Event: 4.474 Thread 0x00000263c1317350  647       3       lombok.eclipse.agent.EclipsePatcher$1::shouldTransform (107 bytes)
Event: 4.475 Thread 0x00000263c1317350 nmethod 647 0x00000263b021fa10 code [0x00000263b021fd20, 0x00000263b0220b98]
Event: 4.475 Thread 0x00000263c1317350  646       1       java.math.BigInteger::signum (5 bytes)
Event: 4.475 Thread 0x00000263c1317350 nmethod 646 0x00000263b7c37e10 code [0x00000263b7c37fa0, 0x00000263b7c38068]
Event: 4.476 Thread 0x00000263c1317350  648       3       java.util.regex.Pattern::isSupplementary (21 bytes)
Event: 4.476 Thread 0x00000263c1317350 nmethod 648 0x00000263b0221090 code [0x00000263b0221240, 0x00000263b0221498]
Event: 4.476 Thread 0x00000263c1317350  649       3       java.lang.Character::isSurrogate (18 bytes)
Event: 4.476 Thread 0x00000263c1317350 nmethod 649 0x00000263b0221590 code [0x00000263b0221720, 0x00000263b0221898]

GC Heap History (0 events):
No events

Dll operation events (8 events):
Event: 0.008 Loaded shared library c:\Users\ASUS\.cursor\extensions\redhat.java-1.42.0-win32-x64\jre\21.0.7-win32-x86_64\bin\java.dll
Event: 0.068 Loaded shared library c:\Users\ASUS\.cursor\extensions\redhat.java-1.42.0-win32-x64\jre\21.0.7-win32-x86_64\bin\zip.dll
Event: 1.124 Loaded shared library C:\Users\ASUS\.cursor\extensions\redhat.java-1.42.0-win32-x64\jre\21.0.7-win32-x86_64\bin\instrument.dll
Event: 1.131 Loaded shared library C:\Users\ASUS\.cursor\extensions\redhat.java-1.42.0-win32-x64\jre\21.0.7-win32-x86_64\bin\net.dll
Event: 1.135 Loaded shared library C:\Users\ASUS\.cursor\extensions\redhat.java-1.42.0-win32-x64\jre\21.0.7-win32-x86_64\bin\nio.dll
Event: 1.142 Loaded shared library C:\Users\ASUS\.cursor\extensions\redhat.java-1.42.0-win32-x64\jre\21.0.7-win32-x86_64\bin\zip.dll
Event: 1.162 Loaded shared library C:\Users\ASUS\.cursor\extensions\redhat.java-1.42.0-win32-x64\jre\21.0.7-win32-x86_64\bin\jimage.dll
Event: 4.279 Loaded shared library c:\Users\ASUS\.cursor\extensions\redhat.java-1.42.0-win32-x64\jre\21.0.7-win32-x86_64\bin\verify.dll

Deoptimization events (20 events):
Event: 4.402 Thread 0x00000263acf41a10 DEOPT PACKING pc=0x00000263b0175f58 sp=0x000000d3f3bfaf50
Event: 4.402 Thread 0x00000263acf41a10 DEOPT UNPACKING pc=0x00000263b76b4242 sp=0x000000d3f3bfa410 mode 0
Event: 4.425 Thread 0x00000263acf41a10 Uncommon trap: trap_request=0xffffff45 fr.pc=0x00000263b7c2da20 relative=0x0000000000000860
Event: 4.425 Thread 0x00000263acf41a10 Uncommon trap: reason=unstable_if action=reinterpret pc=0x00000263b7c2da20 method=java.util.HashMap.putVal(ILjava/lang/Object;Ljava/lang/Object;ZZ)Ljava/lang/Object; @ 181 c2
Event: 4.425 Thread 0x00000263acf41a10 DEOPT PACKING pc=0x00000263b7c2da20 sp=0x000000d3f3bfdfd0
Event: 4.425 Thread 0x00000263acf41a10 DEOPT UNPACKING pc=0x00000263b76b3aa2 sp=0x000000d3f3bfdf60 mode 2
Event: 4.427 Thread 0x00000263acf41a10 DEOPT PACKING pc=0x00000263b0175f58 sp=0x000000d3f3bfc7c0
Event: 4.427 Thread 0x00000263acf41a10 DEOPT UNPACKING pc=0x00000263b76b4242 sp=0x000000d3f3bfbc80 mode 0
Event: 4.433 Thread 0x00000263acf41a10 DEOPT PACKING pc=0x00000263b0175f58 sp=0x000000d3f3bfbe10
Event: 4.433 Thread 0x00000263acf41a10 DEOPT UNPACKING pc=0x00000263b76b4242 sp=0x000000d3f3bfb2d0 mode 0
Event: 4.435 Thread 0x00000263acf41a10 DEOPT PACKING pc=0x00000263b0175f58 sp=0x000000d3f3bfcad0
Event: 4.435 Thread 0x00000263acf41a10 DEOPT UNPACKING pc=0x00000263b76b4242 sp=0x000000d3f3bfbf90 mode 0
Event: 4.454 Thread 0x00000263acf41a10 Uncommon trap: trap_request=0xffffff45 fr.pc=0x00000263b7c32704 relative=0x0000000000000164
Event: 4.454 Thread 0x00000263acf41a10 Uncommon trap: reason=unstable_if action=reinterpret pc=0x00000263b7c32704 method=jdk.internal.util.ArraysSupport.vectorizedHashCode(Ljava/lang/Object;IIII)I @ 2 c2
Event: 4.454 Thread 0x00000263acf41a10 DEOPT PACKING pc=0x00000263b7c32704 sp=0x000000d3f3bfcfe0
Event: 4.454 Thread 0x00000263acf41a10 DEOPT UNPACKING pc=0x00000263b76b3aa2 sp=0x000000d3f3bfcf90 mode 2
Event: 4.461 Thread 0x00000263acf41a10 Uncommon trap: trap_request=0xffffff45 fr.pc=0x00000263b7c21c04 relative=0x00000000000000e4
Event: 4.461 Thread 0x00000263acf41a10 Uncommon trap: reason=unstable_if action=reinterpret pc=0x00000263b7c21c04 method=java.net.URI.match(CJJ)Z @ 45 c2
Event: 4.461 Thread 0x00000263acf41a10 DEOPT PACKING pc=0x00000263b7c21c04 sp=0x000000d3f3bfd280
Event: 4.461 Thread 0x00000263acf41a10 DEOPT UNPACKING pc=0x00000263b76b3aa2 sp=0x000000d3f3bfd1e8 mode 2

Classes loaded (20 events):
Event: 4.468 Loading class sun/security/util/NamedCurve
Event: 4.468 Loading class java/security/spec/ECParameterSpec
Event: 4.468 Loading class java/security/spec/ECParameterSpec done
Event: 4.468 Loading class sun/security/util/NamedCurve done
Event: 4.470 Loading class java/security/spec/ECFieldF2m
Event: 4.470 Loading class java/security/spec/ECFieldF2m done
Event: 4.474 Loading class java/util/LinkedHashMap$LinkedValues
Event: 4.475 Loading class java/util/LinkedHashMap$LinkedValues done
Event: 4.475 Loading class java/util/StringTokenizer
Event: 4.475 Loading class java/util/StringTokenizer done
Event: 4.475 Loading class sun/security/util/DisabledAlgorithmConstraints$KeySizeConstraint
Event: 4.475 Loading class sun/security/util/DisabledAlgorithmConstraints$Constraint
Event: 4.475 Loading class sun/security/util/DisabledAlgorithmConstraints$Constraint done
Event: 4.475 Loading class sun/security/util/DisabledAlgorithmConstraints$KeySizeConstraint done
Event: 4.475 Loading class sun/security/util/DisabledAlgorithmConstraints$Constraint$Operator
Event: 4.475 Loading class sun/security/util/DisabledAlgorithmConstraints$Constraint$Operator done
Event: 4.476 Loading class sun/security/util/DisabledAlgorithmConstraints$DisabledConstraint
Event: 4.476 Loading class sun/security/util/DisabledAlgorithmConstraints$DisabledConstraint done
Event: 4.476 Loading class sun/security/util/DisabledAlgorithmConstraints$Constraints$Holder
Event: 4.476 Loading class sun/security/util/DisabledAlgorithmConstraints$Constraints$Holder done

Classes unloaded (0 events):
No events

Classes redefined (0 events):
No events

Internal exceptions (12 events):
Event: 0.064 Thread 0x00000263acf41a10 Exception <a 'java/lang/NoSuchMethodError'{0x00000000ead2a3c8}: 'void java.lang.invoke.DirectMethodHandle$Holder.invokeStatic(java.lang.Object, java.lang.Object, java.lang.Object)'> (0x00000000ead2a3c8) 
thrown [s\src\hotspot\share\interpreter\linkResolver.cpp, line 773]
Event: 1.156 Thread 0x00000263acf41a10 Exception <a 'java/lang/NoSuchMethodError'{0x00000000eae92dd0}: 'java.lang.Object java.lang.invoke.Invokers$Holder.invokeExact_MT(java.lang.Object, java.lang.Object, java.lang.Object, java.lang.Object, java.lang.Object)'> (0x00000000eae92dd0) 
thrown [s\src\hotspot\share\interpreter\linkResolver.cpp, line 773]
Event: 2.201 Thread 0x00000263acf41a10 Exception <a 'java/lang/NoSuchMethodError'{0x00000000eaf4bb90}: 'int java.lang.invoke.DirectMethodHandle$Holder.invokeSpecial(java.lang.Object, java.lang.Object, java.lang.Object, int)'> (0x00000000eaf4bb90) 
thrown [s\src\hotspot\share\interpreter\linkResolver.cpp, line 773]
Event: 2.206 Thread 0x00000263acf41a10 Exception <a 'java/lang/NoSuchMethodError'{0x00000000eaf5e578}: 'java.lang.Object java.lang.invoke.DirectMethodHandle$Holder.invokeStatic(java.lang.Object, java.lang.Object, java.lang.Object, java.lang.Object, int)'> (0x00000000eaf5e578) 
thrown [s\src\hotspot\share\interpreter\linkResolver.cpp, line 773]
Event: 2.208 Thread 0x00000263acf41a10 Exception <a 'java/lang/NoSuchMethodError'{0x00000000eaf699b8}: 'void java.lang.invoke.DelegatingMethodHandle$Holder.reinvoke_L(java.lang.Object, java.lang.Object, java.lang.Object, int, java.lang.Object)'> (0x00000000eaf699b8) 
thrown [s\src\hotspot\share\interpreter\linkResolver.cpp, line 773]
Event: 4.240 Thread 0x00000263acf41a10 Exception <a 'java/lang/NoSuchMethodError'{0x00000000eaf7a308}: 'int java.lang.invoke.DirectMethodHandle$Holder.invokeSpecial(java.lang.Object, java.lang.Object, java.lang.Object)'> (0x00000000eaf7a308) 
thrown [s\src\hotspot\share\interpreter\linkResolver.cpp, line 773]
Event: 4.241 Thread 0x00000263acf41a10 Exception <a 'java/lang/NoSuchMethodError'{0x00000000eaf85fc8}: 'java.lang.Object java.lang.invoke.DirectMethodHandle$Holder.invokeStatic(java.lang.Object, java.lang.Object, int)'> (0x00000000eaf85fc8) 
thrown [s\src\hotspot\share\interpreter\linkResolver.cpp, line 773]
Event: 4.242 Thread 0x00000263acf41a10 Exception <a 'java/lang/NoSuchMethodError'{0x00000000eaf8a918}: 'void java.lang.invoke.DirectMethodHandle$Holder.invokeStatic(java.lang.Object, java.lang.Object, int, java.lang.Object)'> (0x00000000eaf8a918) 
thrown [s\src\hotspot\share\interpreter\linkResolver.cpp, line 773]
Event: 4.243 Thread 0x00000263acf41a10 Exception <a 'java/lang/NoSuchMethodError'{0x00000000eaf8e4a8}: 'void java.lang.invoke.DirectMethodHandle$Holder.invokeSpecial(java.lang.Object, java.lang.Object, java.lang.Object, int, java.lang.Object)'> (0x00000000eaf8e4a8) 
thrown [s\src\hotspot\share\interpreter\linkResolver.cpp, line 773]
Event: 4.243 Thread 0x00000263acf41a10 Exception <a 'java/lang/NoSuchMethodError'{0x00000000eaf91918}: 'void java.lang.invoke.DelegatingMethodHandle$Holder.delegate(java.lang.Object, java.lang.Object, int, java.lang.Object)'> (0x00000000eaf91918) 
thrown [s\src\hotspot\share\interpreter\linkResolver.cpp, line 773]
Event: 4.302 Thread 0x00000263acf41a10 Exception <a 'java/lang/NoSuchMethodError'{0x00000000eb14dc58}: 'void java.lang.invoke.DelegatingMethodHandle$Holder.reinvoke_L(java.lang.Object, java.lang.Object, java.lang.Object, int)'> (0x00000000eb14dc58) 
thrown [s\src\hotspot\share\interpreter\linkResolver.cpp, line 773]
Event: 4.447 Thread 0x00000263acf41a10 Exception <a 'java/lang/NoSuchMethodError'{0x00000000eb5d5528}: 'void java.lang.invoke.DirectMethodHandle$Holder.invokeVirtual(java.lang.Object, java.lang.Object)'> (0x00000000eb5d5528) 
thrown [s\src\hotspot\share\interpreter\linkResolver.cpp, line 773]

ZGC Phase Switch (0 events):
No events

VM Operations (11 events):
Event: 0.067 Executing VM operation: HandshakeAllThreads (Deoptimize)
Event: 0.067 Executing VM operation: HandshakeAllThreads (Deoptimize) done
Event: 1.066 Executing VM operation: Cleanup
Event: 1.098 Executing VM operation: Cleanup done
Event: 1.173 Executing VM operation: HandshakeAllThreads (Deoptimize)
Event: 1.173 Executing VM operation: HandshakeAllThreads (Deoptimize) done
Event: 2.162 Executing VM operation: Cleanup
Event: 2.162 Executing VM operation: Cleanup done
Event: 3.176 Executing VM operation: Cleanup
Event: 3.176 Executing VM operation: Cleanup done
Event: 5.204 Executing VM operation: Cleanup

Memory protections (0 events):
No events

Nmethod flushes (0 events):
No events

Events (11 events):
Event: 0.023 Thread 0x00000263acf41a10 Thread added: 0x00000263acf41a10
Event: 0.038 Thread 0x00000263acf41a10 Thread added: 0x00000263c12efb60
Event: 0.038 Thread 0x00000263acf41a10 Thread added: 0x00000263c12f2fa0
Event: 0.038 Thread 0x00000263acf41a10 Thread added: 0x00000263c12f6d80
Event: 0.038 Thread 0x00000263acf41a10 Thread added: 0x00000263c12f9be0
Event: 0.038 Thread 0x00000263acf41a10 Thread added: 0x00000263c12fddb0
Event: 0.038 Thread 0x00000263acf41a10 Thread added: 0x00000263c1303b20
Event: 0.038 Thread 0x00000263acf41a10 Thread added: 0x00000263c1313c10
Event: 0.038 Thread 0x00000263acf41a10 Thread added: 0x00000263c1317350
Event: 0.057 Thread 0x00000263acf41a10 Thread added: 0x00000264080ce1e0
Event: 4.374 Thread 0x00000263acf41a10 Thread added: 0x00000264080cf590


Dynamic libraries:
0x00007ff737470000 - 0x00007ff73747e000 	c:\Users\ASUS\.cursor\extensions\redhat.java-1.42.0-win32-x64\jre\21.0.7-win32-x86_64\bin\java.exe
0x00007ff9564a0000 - 0x00007ff956705000 	C:\WINDOWS\SYSTEM32\ntdll.dll
0x00007ff955360000 - 0x00007ff955429000 	C:\WINDOWS\System32\KERNEL32.DLL
0x00007ff953a80000 - 0x00007ff953e68000 	C:\WINDOWS\System32\KERNELBASE.dll
0x00007ff953660000 - 0x00007ff9537ab000 	C:\WINDOWS\System32\ucrtbase.dll
0x00007ff940f40000 - 0x00007ff940f5e000 	c:\Users\ASUS\.cursor\extensions\redhat.java-1.42.0-win32-x64\jre\21.0.7-win32-x86_64\bin\VCRUNTIME140.dll
0x00007ff93fa50000 - 0x00007ff93fa68000 	c:\Users\ASUS\.cursor\extensions\redhat.java-1.42.0-win32-x64\jre\21.0.7-win32-x86_64\bin\jli.dll
0x00007ff954b50000 - 0x00007ff954d1a000 	C:\WINDOWS\System32\USER32.dll
0x00007ff954060000 - 0x00007ff954087000 	C:\WINDOWS\System32\win32u.dll
0x00007ff93e0a0000 - 0x00007ff93e33a000 	C:\WINDOWS\WinSxS\amd64_microsoft.windows.common-controls_6595b64144ccf1df_6.0.26100.4202_none_3e0698d4e335f517\COMCTL32.dll
0x00007ff954860000 - 0x00007ff95488b000 	C:\WINDOWS\System32\GDI32.dll
0x00007ff955f30000 - 0x00007ff955fd9000 	C:\WINDOWS\System32\msvcrt.dll
0x00007ff953e70000 - 0x00007ff953fa7000 	C:\WINDOWS\System32\gdi32full.dll
0x00007ff953fb0000 - 0x00007ff954053000 	C:\WINDOWS\System32\msvcp_win.dll
0x00007ff9563f0000 - 0x00007ff956420000 	C:\WINDOWS\System32\IMM32.DLL
0x00007ff946e40000 - 0x00007ff946e4c000 	c:\Users\ASUS\.cursor\extensions\redhat.java-1.42.0-win32-x64\jre\21.0.7-win32-x86_64\bin\vcruntime140_1.dll
0x00007ff9120e0000 - 0x00007ff91216d000 	c:\Users\ASUS\.cursor\extensions\redhat.java-1.42.0-win32-x64\jre\21.0.7-win32-x86_64\bin\msvcp140.dll
0x00007ff8c6bd0000 - 0x00007ff8c7960000 	c:\Users\ASUS\.cursor\extensions\redhat.java-1.42.0-win32-x64\jre\21.0.7-win32-x86_64\bin\server\jvm.dll
0x00007ff956330000 - 0x00007ff9563e3000 	C:\WINDOWS\System32\ADVAPI32.dll
0x00007ff954920000 - 0x00007ff9549c6000 	C:\WINDOWS\System32\sechost.dll
0x00007ff9543e0000 - 0x00007ff9544f5000 	C:\WINDOWS\System32\RPCRT4.dll
0x00007ff954ad0000 - 0x00007ff954b44000 	C:\WINDOWS\System32\WS2_32.dll
0x00007ff9521a0000 - 0x00007ff9521fe000 	C:\WINDOWS\SYSTEM32\POWRPROF.dll
0x00007ff944430000 - 0x00007ff944465000 	C:\WINDOWS\SYSTEM32\WINMM.dll
0x00007ff946d40000 - 0x00007ff946d4b000 	C:\WINDOWS\SYSTEM32\VERSION.dll
0x00007ff952180000 - 0x00007ff952194000 	C:\WINDOWS\SYSTEM32\UMPDC.dll
0x00007ff952470000 - 0x00007ff95248b000 	C:\WINDOWS\SYSTEM32\kernel.appcore.dll
0x00007ff941580000 - 0x00007ff94158a000 	c:\Users\ASUS\.cursor\extensions\redhat.java-1.42.0-win32-x64\jre\21.0.7-win32-x86_64\bin\jimage.dll
0x00007ff950a80000 - 0x00007ff950cc1000 	C:\WINDOWS\SYSTEM32\DBGHELP.DLL
0x00007ff955b90000 - 0x00007ff955f15000 	C:\WINDOWS\System32\combase.dll
0x00007ff954500000 - 0x00007ff9545e1000 	C:\WINDOWS\System32\OLEAUT32.dll
0x00007ff91fde0000 - 0x00007ff91fe19000 	C:\WINDOWS\SYSTEM32\dbgcore.DLL
0x00007ff9535c0000 - 0x00007ff953659000 	C:\WINDOWS\System32\bcryptPrimitives.dll
0x00007ff941560000 - 0x00007ff94156f000 	c:\Users\ASUS\.cursor\extensions\redhat.java-1.42.0-win32-x64\jre\21.0.7-win32-x86_64\bin\instrument.dll
0x00007ff938e10000 - 0x00007ff938e2f000 	c:\Users\ASUS\.cursor\extensions\redhat.java-1.42.0-win32-x64\jre\21.0.7-win32-x86_64\bin\java.dll
0x00007ff955440000 - 0x00007ff955b82000 	C:\WINDOWS\System32\SHELL32.dll
0x00007ff9537b0000 - 0x00007ff953924000 	C:\WINDOWS\System32\wintypes.dll
0x00007ff951220000 - 0x00007ff951a77000 	C:\WINDOWS\SYSTEM32\windows.storage.dll
0x00007ff954240000 - 0x00007ff954331000 	C:\WINDOWS\System32\SHCORE.dll
0x00007ff956040000 - 0x00007ff9560aa000 	C:\WINDOWS\System32\shlwapi.dll
0x00007ff9534d0000 - 0x00007ff9534ff000 	C:\WINDOWS\SYSTEM32\profapi.dll
0x00007ff937df0000 - 0x00007ff937e08000 	c:\Users\ASUS\.cursor\extensions\redhat.java-1.42.0-win32-x64\jre\21.0.7-win32-x86_64\bin\zip.dll
0x00007ff941530000 - 0x00007ff941540000 	C:\Users\ASUS\.cursor\extensions\redhat.java-1.42.0-win32-x64\jre\21.0.7-win32-x86_64\bin\net.dll
0x00007ff94a9a0000 - 0x00007ff94aabe000 	C:\WINDOWS\SYSTEM32\WINHTTP.dll
0x00007ff9529f0000 - 0x00007ff952a5a000 	C:\WINDOWS\system32\mswsock.dll
0x00007ff937cc0000 - 0x00007ff937cd6000 	C:\Users\ASUS\.cursor\extensions\redhat.java-1.42.0-win32-x64\jre\21.0.7-win32-x86_64\bin\nio.dll
0x00007ff940f30000 - 0x00007ff940f40000 	c:\Users\ASUS\.cursor\extensions\redhat.java-1.42.0-win32-x64\jre\21.0.7-win32-x86_64\bin\verify.dll

dbghelp: loaded successfully - version: 4.0.5 - missing functions: none
symbol engine: initialized successfully - sym options: 0x614 - pdb path: .;c:\Users\ASUS\.cursor\extensions\redhat.java-1.42.0-win32-x64\jre\21.0.7-win32-x86_64\bin;C:\WINDOWS\SYSTEM32;C:\WINDOWS\WinSxS\amd64_microsoft.windows.common-controls_6595b64144ccf1df_6.0.26100.4202_none_3e0698d4e335f517;c:\Users\ASUS\.cursor\extensions\redhat.java-1.42.0-win32-x64\jre\21.0.7-win32-x86_64\bin\server

VM Arguments:
jvm_args: --add-modules=ALL-SYSTEM --add-opens=java.base/java.util=ALL-UNNAMED --add-opens=java.base/java.lang=ALL-UNNAMED --add-opens=java.base/sun.nio.fs=ALL-UNNAMED -Declipse.application=org.eclipse.jdt.ls.core.id1 -Dosgi.bundles.defaultStartLevel=4 -Declipse.product=org.eclipse.jdt.ls.core.product -Djava.import.generatesMetadataFilesAtProjectRoot=false -DDetectVMInstallationsJob.disabled=true -Dfile.encoding=utf8 -XX:+UseParallelGC -XX:GCTimeRatio=4 -XX:AdaptiveSizePolicyWeight=90 -Dsun.zip.disableMemoryMapping=true -Xmx1G -Xms100m -Xlog:disable -javaagent:c:\Users\ASUS\.cursor\extensions\redhat.java-1.42.0-win32-x64\lombok\lombok-1.18.36.jar 
java_command: c:\Users\ASUS\.cursor\extensions\redhat.java-1.42.0-win32-x64\server\plugins\org.eclipse.equinox.launcher_1.7.0.v20250424-1814.jar -configuration c:\Users\ASUS\AppData\Roaming\Cursor\User\globalStorage\redhat.java\1.42.0\config_ss_win -data c:\Users\ASUS\AppData\Roaming\Cursor\User\workspaceStorage\77ed3a1cbd9361bc1dac7e775c7fa274\redhat.java\ss_ws --pipe=\\.\pipe\lsp-bfcecd4dfdbc69aff06de6b5844521cd-sock
java_class_path (initial): c:\Users\ASUS\.cursor\extensions\redhat.java-1.42.0-win32-x64\server\plugins\org.eclipse.equinox.launcher_1.7.0.v20250424-1814.jar
Launcher Type: SUN_STANDARD

[Global flags]
    uintx AdaptiveSizePolicyWeight                 = 90                                        {product} {command line}
     intx CICompilerCount                          = 4                                         {product} {ergonomic}
    uintx GCTimeRatio                              = 4                                         {product} {command line}
   size_t InitialHeapSize                          = 104857600                                 {product} {command line}
   size_t MaxHeapSize                              = 1073741824                                {product} {command line}
   size_t MaxNewSize                               = 357564416                                 {product} {ergonomic}
   size_t MinHeapDeltaBytes                        = 524288                                    {product} {ergonomic}
   size_t MinHeapSize                              = 104857600                                 {product} {command line}
   size_t NewSize                                  = 34603008                                  {product} {ergonomic}
    uintx NonNMethodCodeHeapSize                   = 5839372                                {pd product} {ergonomic}
    uintx NonProfiledCodeHeapSize                  = 122909434                              {pd product} {ergonomic}
   size_t OldSize                                  = 70254592                                  {product} {ergonomic}
    uintx ProfiledCodeHeapSize                     = 122909434                              {pd product} {ergonomic}
    uintx ReservedCodeCacheSize                    = 251658240                              {pd product} {ergonomic}
     bool SegmentedCodeCache                       = true                                      {product} {ergonomic}
   size_t SoftMaxHeapSize                          = 1073741824                             {manageable} {ergonomic}
     bool UseCompressedOops                        = true                           {product lp64_product} {ergonomic}
     bool UseLargePagesIndividualAllocation        = false                                  {pd product} {ergonomic}
     bool UseParallelGC                            = true                                      {product} {command line}

Logging:
Log output configuration:
 #0: stdout all=off uptime,level,tags foldmultilines=false
 #1: stderr all=off uptime,level,tags foldmultilines=false

Environment Variables:
JAVA_HOME=C:\Program Files\Java\jdk-18
PATH=C:\Program Files\Java\jdk-18\bin;C:\Users\ASUS\AppData\Local\Programs\Python\Python312\;C:\Program Files (x86)\VMware\VMware Workstation\bin\;C:\Program Files\Common Files\Oracle\Java\javapath;C:\Program Files\Eclipse Foundation\jdk-11.0.12.7-hotspot\bin;C:\Windows\system32;C:\Windows;C:\Windows\System32\Wbem;C:\Windows\System32\WindowsPowerShell\v1.0\;C:\Windows\System32\OpenSSH\;C:\Program Files (x86)\NVIDIA Corporation\PhysX\Common;C:\Program Files\NVIDIA Corporation\NVIDIA NvDLISR;C:\Program Files\Java\jdk-18\bin\bin;C:\WINDOWS\system32;C:\WINDOWS;C:\WINDOWS\System32\Wbem;C:\WINDOWS\System32\WindowsPowerShell\v1.0\;C:\WINDOWS\System32\OpenSSH\;\msys64\mingw64\bin;C:\Program Files\Microsoft SQL Server\Client SDK\ODBC\110\Tools\Binn\;C:\Program Files (x86)\Microsoft SQL Server\120\Tools\Binn\;C:\Program Files\Microsoft SQL Server\120\Tools\Binn\;C:\Program Files\Microsoft SQL Server\120\DTS\Binn\;C:\Program Files (x86)\Microsoft SQL Server\120\Tools\Binn\ManagementStudio\;C:\Program Files (x86)\Microsoft SQL Server\120\DTS\Binn\;C:\Program Files\Java\jdk-11.0.16.1\bin;C:\Program Files\Microsoft SQL Server\150\Tools\Binn\;C:\Program Files\Microsoft SQL Server\Client SDK\ODBC\170\Tools\Binn\;C:\Program Files\dotnet\;C:\Program Files\Git\cmd;C:\Program Files\nodejs\;C:\Program Files\Genymobile\Genymotion\tools;C:\flutter\bin;C:\Users\ASUS\AppData\Roaming\npm;C:\Users\ASUS\AppData\Local\Programs\Microsoft VS Code\bin;C:\Program Files\Genymobile\Genymotion\tools;C:\Users\ASUS\AppData\Local\GitHubDesktop\bin;C:\Users\ASUS\AppData\Local\Programs\cursor\resources\app\bin
USERNAME=ASUS
OS=Windows_NT
PROCESSOR_IDENTIFIER=Intel64 Family 6 Model 165 Stepping 2, GenuineIntel
TMP=C:\Users\ASUS\AppData\Local\Temp
TEMP=C:\Users\ASUS\AppData\Local\Temp




Periodic native trim disabled

---------------  S Y S T E M  ---------------

OS:
 Windows 11 , 64 bit Build 26100 (10.0.26100.4202)
OS uptime: 12 days 12:13 hours
Hyper-V role detected

CPU: total 8 (initial active 8) (4 cores per cpu, 2 threads per core) family 6 model 165 stepping 2 microcode 0xe0, cx8, cmov, fxsr, ht, mmx, 3dnowpref, sse, sse2, sse3, ssse3, sse4.1, sse4.2, popcnt, lzcnt, tsc, tscinvbit, avx, avx2, aes, erms, clmul, bmi1, bmi2, adx, fma, vzeroupper, clflush, clflushopt, hv, rdtscp, f16c
Processor Information for the first 8 processors :
  Max Mhz: 2496, Current Mhz: 2496, Mhz Limit: 2496

Memory: 4k page, system-wide physical 8029M (591M free)
TotalPageFile size 32605M (AvailPageFile size 5M)
current process WorkingSet (physical memory assigned to process): 53M, peak: 53M
current process commit charge ("private bytes"): 192M, peak: 192M

vm_info: OpenJDK 64-Bit Server VM (21.0.7+6-LTS) for windows-amd64 JRE (21.0.7+6-LTS), built on 2025-04-15T00:00:00Z by "admin" with MS VC++ 17.7 (VS2022)

END.
